#
# There is insufficient memory for the Java Runtime Environment to continue.
# Native memory allocation (mmap) failed to map 268435456 bytes for Failed to commit area from 0x0000000701c00000 to 0x0000000711c00000 of length 268435456.
# Possible reasons:
#   The system is out of physical RAM or swap space
#   The process is running with CompressedOops enabled, and the Java Heap may be blocking the growth of the native heap
# Possible solutions:
#   Reduce memory load on the system
#   Increase physical memory or swap space
#   Check if swap backing store is full
#   Decrease Java heap size (-Xmx/-Xms)
#   Decrease number of Java threads
#   Decrease Java thread stack sizes (-Xss)
#   Set larger code cache with -XX:ReservedCodeCacheSize=
# This output file may be truncated or incomplete.
#
#  Out of Memory Error (./src/hotspot/os/windows/os_windows.cpp:3301), pid=7832, tid=2460
#
# JRE version:  (11.0.10) (build )
# Java VM: OpenJDK 64-Bit Server VM (11.0.10+0-b96-7249189, mixed mode, sharing, tiered, compressed oops, g1 gc, windows-amd64)
# No core dump will be written. Minidumps are not enabled by default on client versions of Windows
#

---------------  S U M M A R Y ------------

Command Line: org.jetbrains.kotlin.cli.jvm.K2JVMCompiler @K:\AndroidProjeler\IbTechBootcampHm3\app\build\20210916_6466933551425667558.compiler.options

Host: Intel(R) Core(TM) i7-7700HQ CPU @ 2.80GHz, 8 cores, 15G,  Windows 10 , 64 bit Build 19041 (10.0.19041.1151)
Time: Thu Sep 16 21:16:12 2021 Türkiye Standart Saati elapsed time: 0.015408 seconds (0d 0h 0m 0s)

---------------  T H R E A D  ---------------

Current thread (0x000001ebde62c800):  JavaThread "Unknown thread" [_thread_in_vm, id=2460, stack(0x0000003c75800000,0x0000003c75900000)]

Stack: [0x0000003c75800000,0x0000003c75900000]
Native frames: (J=compiled Java code, j=interpreted, Vv=VM code, C=native code)
V  [jvm.dll+0x5ecfaa]
V  [jvm.dll+0x722bd5]
V  [jvm.dll+0x72412d]
V  [jvm.dll+0x7247e3]
V  [jvm.dll+0x242928]
V  [jvm.dll+0x5ea374]
V  [jvm.dll+0x5df425]
V  [jvm.dll+0x2fdebb]
V  [jvm.dll+0x2fde2a]
V  [jvm.dll+0x2fdd02]
V  [jvm.dll+0x302bf6]
V  [jvm.dll+0x34b2a3]
V  [jvm.dll+0x34b9a6]
V  [jvm.dll+0x34b3a3]
V  [jvm.dll+0x2d8888]
V  [jvm.dll+0x2d9a37]
V  [jvm.dll+0x701737]
V  [jvm.dll+0x702f2c]
V  [jvm.dll+0x3587d9]
V  [jvm.dll+0x6e4fae]
V  [jvm.dll+0x3c0be3]
V  [jvm.dll+0x3c2e91]
C  [jli.dll+0x5373]
C  [ucrtbase.dll+0x21bb2]
C  [KERNEL32.DLL+0x17034]
C  [ntdll.dll+0x52651]


---------------  P R O C E S S  ---------------

Threads class SMR info:
_java_thread_list=0x000001ebdc525720, length=0, elements={
}

Java Threads: ( => current thread )

Other Threads:
  0x000001ebde644000 GCTaskThread "GC Thread#0" [stack: 0x0000003c75900000,0x0000003c75a00000] [id=11472]
  0x000001ebde6a0000 ConcurrentGCThread "G1 Main Marker" [stack: 0x0000003c75a00000,0x0000003c75b00000] [id=2056]
  0x000001ebde6a1800 ConcurrentGCThread "G1 Conc#0" [stack: 0x0000003c75b00000,0x0000003c75c00000] [id=14028]

[error occurred during error reporting (printing all threads), id 0xc0000005, EXCEPTION_ACCESS_VIOLATION (0xc0000005) at pc=0x00007ffbcb8f9107]

VM state:not at safepoint (not fully initialized)

VM Mutex/Monitor currently owned by a thread:  ([mutex/lock_event])
[0x000001ebde6285c0] Heap_lock - owner thread: 0x000001ebde62c800

Heap address: 0x0000000701c00000, size: 4068 MB, Compressed Oops mode: Non-zero based: 0x0000000701c00000
Narrow klass base: 0x0000000000000000, Narrow klass shift: 0

GC Heap History (0 events):
No events

Deoptimization events (0 events):
No events

Classes redefined (0 events):
No events

Internal exceptions (0 events):
No events

Events (1 events):
Event: 0.010 Loaded shared library C:\Program Files\Android\Android Studio\jre\bin\zip.dll


Dynamic libraries:
0x00007ff6acca0000 - 0x00007ff6accaa000 	C:\Program Files\Android\Android Studio\jre\bin\java.exe
0x00007ffc18b90000 - 0x00007ffc18d85000 	C:\WINDOWS\SYSTEM32\ntdll.dll
0x00007ffc185b0000 - 0x00007ffc1866d000 	C:\WINDOWS\System32\KERNEL32.DLL
0x00007ffc165d0000 - 0x00007ffc16899000 	C:\WINDOWS\System32\KERNELBASE.dll
0x00007ffc169b0000 - 0x00007ffc16ab0000 	C:\WINDOWS\System32\ucrtbase.dll
0x00007ffc0ee20000 - 0x00007ffc0ee37000 	C:\Program Files\Android\Android Studio\jre\bin\VCRUNTIME140.dll
0x00007ffbf4700000 - 0x00007ffbf4719000 	C:\Program Files\Android\Android Studio\jre\bin\jli.dll
0x00007ffc18250000 - 0x00007ffc183f0000 	C:\WINDOWS\System32\USER32.dll
0x00007ffc16ab0000 - 0x00007ffc16ad2000 	C:\WINDOWS\System32\win32u.dll
0x00007ffc029d0000 - 0x00007ffc02c6a000 	C:\WINDOWS\WinSxS\amd64_microsoft.windows.common-controls_6595b64144ccf1df_6.0.19041.1110_none_60b5254171f9507e\COMCTL32.dll
0x00007ffc18790000 - 0x00007ffc187ba000 	C:\WINDOWS\System32\GDI32.dll
0x00007ffc17c80000 - 0x00007ffc17d1e000 	C:\WINDOWS\System32\msvcrt.dll
0x00007ffc16ae0000 - 0x00007ffc16beb000 	C:\WINDOWS\System32\gdi32full.dll
0x00007ffc162c0000 - 0x00007ffc1635d000 	C:\WINDOWS\System32\msvcp_win.dll
0x00007ffc18b20000 - 0x00007ffc18b50000 	C:\WINDOWS\System32\IMM32.DLL
0x00007ffbe7f90000 - 0x00007ffbe802d000 	C:\Program Files\Android\Android Studio\jre\bin\msvcp140.dll
0x00007ffbcb610000 - 0x00007ffbcc0df000 	C:\Program Files\Android\Android Studio\jre\bin\server\jvm.dll
0x00007ffc188c0000 - 0x00007ffc1896c000 	C:\WINDOWS\System32\ADVAPI32.dll
0x00007ffc17df0000 - 0x00007ffc17e8b000 	C:\WINDOWS\System32\sechost.dll
0x00007ffc18970000 - 0x00007ffc18a9a000 	C:\WINDOWS\System32\RPCRT4.dll
0x00007ffc16bf0000 - 0x00007ffc16bf8000 	C:\WINDOWS\System32\PSAPI.DLL
0x00007ffc02e20000 - 0x00007ffc02e47000 	C:\WINDOWS\SYSTEM32\WINMM.dll
0x00007ffc0f290000 - 0x00007ffc0f29a000 	C:\WINDOWS\SYSTEM32\VERSION.dll
0x00007ffc018e0000 - 0x00007ffc018e9000 	C:\WINDOWS\SYSTEM32\WSOCK32.dll
0x00007ffc17d80000 - 0x00007ffc17deb000 	C:\WINDOWS\System32\WS2_32.dll
0x00007ffc14b60000 - 0x00007ffc14b72000 	C:\WINDOWS\SYSTEM32\kernel.appcore.dll
0x00007ffc119c0000 - 0x00007ffc119d1000 	C:\Program Files\Android\Android Studio\jre\bin\verify.dll
0x00007ffc147e0000 - 0x00007ffc149c4000 	C:\WINDOWS\SYSTEM32\DBGHELP.DLL
0x00007ffbff3a0000 - 0x00007ffbff3cc000 	C:\WINDOWS\SYSTEM32\dbgcore.DLL
0x00007ffc163b0000 - 0x00007ffc16433000 	C:\WINDOWS\System32\bcryptPrimitives.dll
0x00007ffc114a0000 - 0x00007ffc114c9000 	C:\Program Files\Android\Android Studio\jre\bin\java.dll
0x00007ffc11930000 - 0x00007ffc1193b000 	C:\Program Files\Android\Android Studio\jre\bin\jimage.dll
0x00007ffc10a40000 - 0x00007ffc10a58000 	C:\Program Files\Android\Android Studio\jre\bin\zip.dll

dbghelp: loaded successfully - version: 4.0.5 - missing functions: none
symbol engine: initialized successfully - sym options: 0x614 - pdb path: .;C:\Program Files\Android\Android Studio\jre\bin;C:\WINDOWS\SYSTEM32;C:\WINDOWS\WinSxS\amd64_microsoft.windows.common-controls_6595b64144ccf1df_6.0.19041.1110_none_60b5254171f9507e;C:\Program Files\Android\Android Studio\jre\bin\server

VM Arguments:
java_command: org.jetbrains.kotlin.cli.jvm.K2JVMCompiler @K:\AndroidProjeler\IbTechBootcampHm3\app\build\20210916_6466933551425667558.compiler.options
java_class_path (initial): C:\Users\ASUS\.gradle\caches\modules-2\files-2.1\org.jetbrains.kotlin\kotlin-compiler-embeddable\1.5.30\3362a354066df1578a057c200da23cf2a1d8144f\kotlin-compiler-embeddable-1.5.30.jar;C:\Users\ASUS\.gradle\caches\modules-2\files-2.1\org.jetbrains.kotlin\kotlin-reflect\1.5.30\6773e974437dd6432aa646cc2f8ab71de42b5773\kotlin-reflect-1.5.30.jar;C:\Users\ASUS\.gradle\caches\modules-2\files-2.1\org.jetbrains.kotlin\kotlin-stdlib\1.5.30\d68efdea04955974ac1020f8f66ef8176bfbce1f\kotlin-stdlib-1.5.30.jar;C:\Users\ASUS\.gradle\caches\modules-2\files-2.1\org.jetbrains.kotlin\kotlin-script-runtime\1.5.30\10697ab20bfd2f1b23baa91306950c36c4e89a8d\kotlin-script-runtime-1.5.30.jar;C:\Users\ASUS\.gradle\caches\modules-2\files-2.1\org.jetbrains.kotlin\kotlin-daemon-embeddable\1.5.30\e355dc9011e559a475608265607948109e113ae0\kotlin-daemon-embeddable-1.5.30.jar;C:\Users\ASUS\.gradle\caches\modules-2\files-2.1\org.jetbrains.intellij.deps\trove4j\1.0.20181211\216c2e14b070f334479d800987affe4054cd563f\trove4j-1.0.20181211.jar;C:\Users\ASUS\.gradle\caches\modules-2\files-2.1\org.jetbrains\annotations\13.0\919f0dfe192fb4e063e7dacadee7f8bb9a2672a9\annotations-13.0.jar;C:\Users\ASUS\.gradle\caches\modules-2\files-2.1\org.jetbrains.kotlin\kotlin-stdlib-common\1.5.30\649ffab7767038323fec0cc41e2d7b0a8f65a378\kotlin-stdlib-common-1.5.30.jar
Launcher Type: SUN_STANDARD

[Global flags]
     intx CICompilerCount                          = 4                                         {product} {ergonomic}
     uint ConcGCThreads                            = 2                                         {product} {ergonomic}
     uint G1ConcRefinementThreads                  = 8                                         {product} {ergonomic}
   size_t G1HeapRegionSize                         = 1048576                                   {product} {ergonomic}
    uintx GCDrainStackTargetSize                   = 64                                        {product} {ergonomic}
   size_t InitialHeapSize                          = 268435456                                 {product} {ergonomic}
   size_t MarkStackSize                            = 4194304                                   {product} {ergonomic}
   size_t MaxHeapSize                              = 4265607168                                {product} {ergonomic}
   size_t MinHeapDeltaBytes                        = 1048576                                   {product} {ergonomic}
    uintx NonNMethodCodeHeapSize                   = 5836300                                {pd product} {ergonomic}
    uintx NonProfiledCodeHeapSize                  = 122910970                              {pd product} {ergonomic}
    uintx ProfiledCodeHeapSize                     = 122910970                              {pd product} {ergonomic}
    uintx ReservedCodeCacheSize                    = 251658240                              {pd product} {ergonomic}
     bool SegmentedCodeCache                       = true                                      {product} {ergonomic}
     bool UseCompressedClassPointers               = true                                 {lp64_product} {ergonomic}
     bool UseCompressedOops                        = true                                 {lp64_product} {ergonomic}
     bool UseG1GC                                  = true                                      {product} {ergonomic}
     bool UseLargePagesIndividualAllocation        = false                                  {pd product} {ergonomic}

Logging:
Log output configuration:
 #0: stdout all=warning uptime,level,tags
 #1: stderr all=off uptime,level,tags

Environment Variables:
JAVA_HOME= C:\Program Files\Java\jdk-15.0.2\bin\java.exe
CLASSPATH=.;
PATH=C:\Program Files\Python38\Scripts\;C:\Program Files\Python38\;C:\Program Files\Common Files\Oracle\Java\javapath;C:\Program Files (x86)\Intel\iCLS Client\;C:\Program Files\Intel\iCLS Client\;C:\Windows\system32;C:\Windows;C:\Windows\System32\Wbem;C:\Windows\System32\WindowsPowerShell\v1.0\;C:\Program Files (x86)\NVIDIA Corporation\PhysX\Common;C:\Program Files (x86)\Intel\Intel(R) Management Engine Components\DAL;C:\Program Files\Intel\Intel(R) Management Engine Components\DAL;C:\Program Files (x86)\Intel\Intel(R) Management Engine Components\IPT;C:\Program Files\Intel\Intel(R) Management Engine Components\IPT;C:\WINDOWS\system32;C:\WINDOWS;C:\WINDOWS\System32\Wbem;C:\WINDOWS\System32\WindowsPowerShell\v1.0\;C:\WINDOWS\System32\OpenSSH\;C:\Program Files\Intel\WiFi\bin\;C:\Program Files\Common Files\Intel\WirelessCommon\;C:\Program Files\NVIDIA Corporation\NVIDIA NvDLISR;C:\ProgramData\chocolatey\bin;C:\Program Files\Git\cmd;C:\Program Files\nodejs\;;C:\WINDOWS\system32;C:\WINDOWS;C:\WINDOWS\System32\Wbem;C:\WINDOWS\System32\WindowsPowerShell\v1.0\;C:\WINDOWS\System32\OpenSSH\;C:\Users\ASUS\AppData\Local\Microsoft\WindowsApps;C:\Program Files\JetBrains\IntelliJ IDEA Community Edition 2019.3.1\bin;C:\src\flutter\bin;C:\Users\ASUS\AppData\Local\Programs\Microsoft VS Code\bin;C:\Users\ASUS\AppData\Roaming\npm;C:\Users\ASUS\AppData\Local\Microsoft\WindowsApps;C:\Users\ASUS\AppData\Local\GitHubDesktop\bin;C:\Program Files\JetBrains\PyCharm Edu 2021.1.1\bin;
USERNAME=ASUS
OS=Windows_NT
PROCESSOR_IDENTIFIER=Intel64 Family 6 Model 158 Stepping 9, GenuineIntel



---------------  S Y S T E M  ---------------

OS: Windows 10 , 64 bit Build 19041 (10.0.19041.1151)
OS uptime: 2 days 8:01 hours
Hyper-V role detected

CPU:total 8 (initial active 8) (4 cores per cpu, 2 threads per core) family 6 model 158 stepping 9 microcode 0xb4, cmov, cx8, fxsr, mmx, sse, sse2, sse3, ssse3, sse4.1, sse4.2, popcnt, avx, avx2, aes, clmul, erms, 3dnowpref, lzcnt, ht, tsc, tscinvbit, bmi1, bmi2, adx, fma

Memory: 4k page, system-wide physical 16268M (2148M free)
TotalPageFile size 16268M (AvailPageFile size 194M)
current process WorkingSet (physical memory assigned to process): 10M, peak: 10M
current process commit charge ("private bytes"): 60M, peak: 316M

vm_info: OpenJDK 64-Bit Server VM (11.0.10+0-b96-7249189) for windows-amd64 JRE (11.0.10+0-b96-7249189), built on Mar 31 2021 21:44:00 by "builder" with MS VC++ 14.0 (VS2015)

END.
