#
# There is insufficient memory for the Java Runtime Environment to continue.
# Native memory allocation (malloc) failed to allocate 411856 bytes for Chunk::new
# Possible reasons:
#   The system is out of physical RAM or swap space
#   The process is running with CompressedOops enabled, and the Java Heap may be blocking the growth of the native heap
# Possible solutions:
#   Reduce memory load on the system
#   Increase physical memory or swap space
#   Check if swap backing store is full
#   Decrease Java heap size (-Xmx/-Xms)
#   Decrease number of Java threads
#   Decrease Java thread stack sizes (-Xss)
#   Set larger code cache with -XX:ReservedCodeCacheSize=
#   JVM is running with Zero Based Compressed Oops mode in which the Java heap is
#     placed in the first 32GB address space. The Java Heap base address is the
#     maximum limit for the native heap growth. Please use -XX:HeapBaseMinAddress
#     to set the Java Heap base and to place the Java Heap above 32GB virtual address.
# This output file may be truncated or incomplete.
#
#  Out of Memory Error (./src/hotspot/share/memory/arena.cpp:197), pid=1784, tid=5944
#
# JRE version: OpenJDK Runtime Environment (11.0.10) (build 11.0.10+0-b96-7249189)
# Java VM: OpenJDK 64-Bit Server VM (11.0.10+0-b96-7249189, mixed mode, tiered, compressed oops, g1 gc, windows-amd64)
# No core dump will be written. Minidumps are not enabled by default on client versions of Windows
#

---------------  S U M M A R Y ------------

Command Line: org.jetbrains.kotlin.cli.jvm.K2JVMCompiler @K:\AndroidProjeler\IbTechBootcampHm3\app\build\20210914_9735140883711950957.compiler.options

Host: Intel(R) Core(TM) i7-7700HQ CPU @ 2.80GHz, 8 cores, 15G,  Windows 10 , 64 bit Build 19041 (10.0.19041.1151)
Time: Tue Sep 14 08:16:37 2021 Türkiye Standart Saati elapsed time: 1.790951 seconds (0d 0h 0m 1s)

---------------  T H R E A D  ---------------

Current thread (0x00000152409e6800):  JavaThread "C2 CompilerThread0" daemon [_thread_in_native, id=5944, stack(0x0000004099f00000,0x000000409a000000)]


Current CompileTask:
C2:   1791 2209       4       org.jetbrains.kotlin.com.intellij.openapi.vfs.impl.ZipHandlerBase::getOrCreate (235 bytes)

Stack: [0x0000004099f00000,0x000000409a000000]
Native frames: (J=compiled Java code, j=interpreted, Vv=VM code, C=native code)
V  [jvm.dll+0x5ecfaa]
V  [jvm.dll+0x722bd5]
V  [jvm.dll+0x72412d]
V  [jvm.dll+0x7247e3]
V  [jvm.dll+0x242928]
V  [jvm.dll+0xbc4fc]
V  [jvm.dll+0xbca0c]
V  [jvm.dll+0x352d7d]
V  [jvm.dll+0x320ad3]
V  [jvm.dll+0x31ffca]
V  [jvm.dll+0x1fb602]
V  [jvm.dll+0x1fa7f4]
V  [jvm.dll+0x18354c]
V  [jvm.dll+0x208ee7]
V  [jvm.dll+0x207731]
V  [jvm.dll+0x6eb1cf]
V  [jvm.dll+0x6e3d45]
V  [jvm.dll+0x5ebe96]
C  [ucrtbase.dll+0x21bb2]
C  [KERNEL32.DLL+0x17034]
C  [ntdll.dll+0x52651]


---------------  P R O C E S S  ---------------

Threads class SMR info:
_java_thread_list=0x0000015240b47fd0, length=12, elements={
0x000001521f12c800, 0x0000015240994000, 0x000001524099d800, 0x00000152400dc000,
0x00000152400dd000, 0x00000152400de800, 0x00000152409e6800, 0x00000152409e7000,
0x00000152409e8000, 0x0000015240b4f800, 0x0000015240b4b800, 0x0000015240b4c800
}

Java Threads: ( => current thread )
  0x000001521f12c800 JavaThread "main" [_thread_in_Java, id=8796, stack(0x0000004099300000,0x0000004099400000)]
  0x0000015240994000 JavaThread "Reference Handler" daemon [_thread_blocked, id=1028, stack(0x0000004099a00000,0x0000004099b00000)]
  0x000001524099d800 JavaThread "Finalizer" daemon [_thread_blocked, id=6636, stack(0x0000004099b00000,0x0000004099c00000)]
  0x00000152400dc000 JavaThread "Signal Dispatcher" daemon [_thread_blocked, id=8696, stack(0x0000004099c00000,0x0000004099d00000)]
  0x00000152400dd000 JavaThread "Attach Listener" daemon [_thread_blocked, id=8684, stack(0x0000004099d00000,0x0000004099e00000)]
  0x00000152400de800 JavaThread "Service Thread" daemon [_thread_blocked, id=11692, stack(0x0000004099e00000,0x0000004099f00000)]
=>0x00000152409e6800 JavaThread "C2 CompilerThread0" daemon [_thread_in_native, id=5944, stack(0x0000004099f00000,0x000000409a000000)]
  0x00000152409e7000 JavaThread "C1 CompilerThread0" daemon [_thread_blocked, id=5408, stack(0x000000409a000000,0x000000409a100000)]
  0x00000152409e8000 JavaThread "Sweeper thread" daemon [_thread_blocked, id=8316, stack(0x000000409a100000,0x000000409a200000)]
  0x0000015240b4f800 JavaThread "Common-Cleaner" daemon [_thread_blocked, id=1048, stack(0x000000409a300000,0x000000409a400000)]
  0x0000015240b4b800 JavaThread "C2 CompilerThread1" daemon [_thread_blocked, id=10796, stack(0x000000409a400000,0x000000409a500000)]
  0x0000015240b4c800 JavaThread "C2 CompilerThread2" daemon [_thread_in_native, id=8896, stack(0x000000409a500000,0x000000409a600000)]

Other Threads:
  0x00000152400c2800 VMThread "VM Thread" [stack: 0x0000004099900000,0x0000004099a00000] [id=12468]
  0x0000015240b4a800 WatcherThread [stack: 0x000000409a200000,0x000000409a300000] [id=13868]
  0x000001521f144800 GCTaskThread "GC Thread#0" [stack: 0x0000004099400000,0x0000004099500000] [id=11128]
  0x0000015241274800 GCTaskThread "GC Thread#1" [stack: 0x000000409a600000,0x000000409a700000] [id=14720]
  0x0000015241275800 GCTaskThread "GC Thread#2" [stack: 0x000000409a700000,0x000000409a800000] [id=15036]
  0x00000152412a1000 GCTaskThread "GC Thread#3" [stack: 0x000000409a800000,0x000000409a900000] [id=12304]
  0x00000152412a1800 GCTaskThread "GC Thread#4" [stack: 0x000000409a900000,0x000000409aa00000] [id=1636]
  0x00000152412a2000 GCTaskThread "GC Thread#5" [stack: 0x000000409aa00000,0x000000409ab00000] [id=2612]
  0x000001521f19f800 ConcurrentGCThread "G1 Main Marker" [stack: 0x0000004099500000,0x0000004099600000] [id=12932]
  0x000001521f1a1000 ConcurrentGCThread "G1 Conc#0" [stack: 0x0000004099600000,0x0000004099700000] [id=13276]
  0x00000152415e0000 ConcurrentGCThread "G1 Conc#1" [stack: 0x000000409ab00000,0x000000409ac00000] [id=11352]
  0x000001523ffa9800 ConcurrentGCThread "G1 Refine#0" [stack: 0x0000004099700000,0x0000004099800000] [id=11120]
  0x000001523ffaa000 ConcurrentGCThread "G1 Young RemSet Sampling" [stack: 0x0000004099800000,0x0000004099900000] [id=13428]

Threads with active compile tasks:
C2 CompilerThread0   1809 2209       4       org.jetbrains.kotlin.com.intellij.openapi.vfs.impl.ZipHandlerBase::getOrCreate (235 bytes)
C2 CompilerThread2   1809 2205       4       org.jetbrains.kotlin.com.intellij.openapi.vfs.impl.ZipHandlerBase::getOrCreate (289 bytes)

VM state:not at safepoint (normal execution)

VM Mutex/Monitor currently owned by a thread: None

Heap address: 0x0000000701c00000, size: 4068 MB, Compressed Oops mode: Zero based, Oop shift amount: 3
Narrow klass base: 0x0000000800000000, Narrow klass shift: 0
Compressed class space size: 1073741824 Address: 0x0000000800000000

Heap:
 garbage-first heap   total 262144K, used 71191K [0x0000000701c00000, 0x0000000800000000)
  region size 1024K, 56 young (57344K), 7 survivors (7168K)
 Metaspace       used 31450K, capacity 31929K, committed 32128K, reserved 1077248K
  class space    used 3749K, capacity 3905K, committed 3968K, reserved 1048576K
Heap Regions: E=young(eden), S=young(survivor), O=old, HS=humongous(starts), HC=humongous(continues), CS=collection set, F=free, A=archive, TAMS=top-at-mark-start (previous, next)
|   0|0x0000000701c00000, 0x0000000701d00000, 0x0000000701d00000|100%|HS|  |TAMS 0x0000000701d00000, 0x0000000701c00000| Complete 
|   1|0x0000000701d00000, 0x0000000701e00000, 0x0000000701e00000|100%|HC|  |TAMS 0x0000000701e00000, 0x0000000701d00000| Complete 
|   2|0x0000000701e00000, 0x0000000701f00000, 0x0000000701f00000|100%|HC|  |TAMS 0x0000000701f00000, 0x0000000701e00000| Complete 
|   3|0x0000000701f00000, 0x0000000702000000, 0x0000000702000000|100%|HS|  |TAMS 0x0000000701f00000, 0x0000000701f00000| Complete 
|   4|0x0000000702000000, 0x0000000702100000, 0x0000000702100000|100%|HC|  |TAMS 0x0000000702000000, 0x0000000702000000| Complete 
|   5|0x0000000702100000, 0x0000000702200000, 0x0000000702200000|100%|HC|  |TAMS 0x0000000702100000, 0x0000000702100000| Complete 
|   6|0x0000000702200000, 0x0000000702300000, 0x0000000702300000|100%|HS|  |TAMS 0x0000000702200000, 0x0000000702200000| Complete 
|   7|0x0000000702300000, 0x0000000702400000, 0x0000000702400000|100%|HC|  |TAMS 0x0000000702300000, 0x0000000702300000| Complete 
|   8|0x0000000702400000, 0x0000000702500000, 0x0000000702500000|100%|HC|  |TAMS 0x0000000702400000, 0x0000000702400000| Complete 
|   9|0x0000000702500000, 0x0000000702600000, 0x0000000702600000|100%|HS|  |TAMS 0x0000000702500000, 0x0000000702500000| Complete 
|  10|0x0000000702600000, 0x0000000702700000, 0x0000000702700000|100%|HC|  |TAMS 0x0000000702600000, 0x0000000702600000| Complete 
|  11|0x0000000702700000, 0x0000000702800000, 0x0000000702800000|100%|HS|  |TAMS 0x0000000702700000, 0x0000000702700000| Complete 
|  12|0x0000000702800000, 0x0000000702900000, 0x0000000702900000|100%|HC|  |TAMS 0x0000000702800000, 0x0000000702800000| Complete 
|  13|0x0000000702900000, 0x0000000702a00000, 0x0000000702a00000|100%|HS|  |TAMS 0x0000000702900000, 0x0000000702900000| Complete 
|  14|0x0000000702a00000, 0x0000000702b00000, 0x0000000702b00000|100%|HC|  |TAMS 0x0000000702a00000, 0x0000000702a00000| Complete 
|  15|0x0000000702b00000, 0x0000000702b00000, 0x0000000702c00000|  0%| F|  |TAMS 0x0000000702b00000, 0x0000000702b00000| Untracked 
|  16|0x0000000702c00000, 0x0000000702c00000, 0x0000000702d00000|  0%| F|  |TAMS 0x0000000702c00000, 0x0000000702c00000| Untracked 
|  17|0x0000000702d00000, 0x0000000702d00000, 0x0000000702e00000|  0%| F|  |TAMS 0x0000000702d00000, 0x0000000702d00000| Untracked 
|  18|0x0000000702e00000, 0x0000000702e00000, 0x0000000702f00000|  0%| F|  |TAMS 0x0000000702e00000, 0x0000000702e00000| Untracked 
|  19|0x0000000702f00000, 0x0000000702f00000, 0x0000000703000000|  0%| F|  |TAMS 0x0000000702f00000, 0x0000000702f00000| Untracked 
|  20|0x0000000703000000, 0x0000000703000000, 0x0000000703100000|  0%| F|  |TAMS 0x0000000703000000, 0x0000000703000000| Untracked 
|  21|0x0000000703100000, 0x0000000703100000, 0x0000000703200000|  0%| F|  |TAMS 0x0000000703100000, 0x0000000703100000| Untracked 
|  22|0x0000000703200000, 0x0000000703200000, 0x0000000703300000|  0%| F|  |TAMS 0x0000000703200000, 0x0000000703200000| Untracked 
|  23|0x0000000703300000, 0x0000000703300000, 0x0000000703400000|  0%| F|  |TAMS 0x0000000703300000, 0x0000000703300000| Untracked 
|  24|0x0000000703400000, 0x0000000703400000, 0x0000000703500000|  0%| F|  |TAMS 0x0000000703400000, 0x0000000703400000| Untracked 
|  25|0x0000000703500000, 0x0000000703500000, 0x0000000703600000|  0%| F|  |TAMS 0x0000000703500000, 0x0000000703500000| Untracked 
|  26|0x0000000703600000, 0x0000000703600000, 0x0000000703700000|  0%| F|  |TAMS 0x0000000703600000, 0x0000000703600000| Untracked 
|  27|0x0000000703700000, 0x0000000703700000, 0x0000000703800000|  0%| F|  |TAMS 0x0000000703700000, 0x0000000703700000| Untracked 
|  28|0x0000000703800000, 0x0000000703800000, 0x0000000703900000|  0%| F|  |TAMS 0x0000000703800000, 0x0000000703800000| Untracked 
|  29|0x0000000703900000, 0x0000000703900000, 0x0000000703a00000|  0%| F|  |TAMS 0x0000000703900000, 0x0000000703900000| Untracked 
|  30|0x0000000703a00000, 0x0000000703a00000, 0x0000000703b00000|  0%| F|  |TAMS 0x0000000703a00000, 0x0000000703a00000| Untracked 
|  31|0x0000000703b00000, 0x0000000703b00000, 0x0000000703c00000|  0%| F|  |TAMS 0x0000000703b00000, 0x0000000703b00000| Untracked 
|  32|0x0000000703c00000, 0x0000000703c00000, 0x0000000703d00000|  0%| F|  |TAMS 0x0000000703c00000, 0x0000000703c00000| Untracked 
|  33|0x0000000703d00000, 0x0000000703d00000, 0x0000000703e00000|  0%| F|  |TAMS 0x0000000703d00000, 0x0000000703d00000| Untracked 
|  34|0x0000000703e00000, 0x0000000703e00000, 0x0000000703f00000|  0%| F|  |TAMS 0x0000000703e00000, 0x0000000703e00000| Untracked 
|  35|0x0000000703f00000, 0x0000000703f00000, 0x0000000704000000|  0%| F|  |TAMS 0x0000000703f00000, 0x0000000703f00000| Untracked 
|  36|0x0000000704000000, 0x0000000704000000, 0x0000000704100000|  0%| F|  |TAMS 0x0000000704000000, 0x0000000704000000| Untracked 
|  37|0x0000000704100000, 0x0000000704100000, 0x0000000704200000|  0%| F|  |TAMS 0x0000000704100000, 0x0000000704100000| Untracked 
|  38|0x0000000704200000, 0x0000000704200000, 0x0000000704300000|  0%| F|  |TAMS 0x0000000704200000, 0x0000000704200000| Untracked 
|  39|0x0000000704300000, 0x0000000704300000, 0x0000000704400000|  0%| F|  |TAMS 0x0000000704300000, 0x0000000704300000| Untracked 
|  40|0x0000000704400000, 0x0000000704400000, 0x0000000704500000|  0%| F|  |TAMS 0x0000000704400000, 0x0000000704400000| Untracked 
|  41|0x0000000704500000, 0x0000000704500000, 0x0000000704600000|  0%| F|  |TAMS 0x0000000704500000, 0x0000000704500000| Untracked 
|  42|0x0000000704600000, 0x0000000704600000, 0x0000000704700000|  0%| F|  |TAMS 0x0000000704600000, 0x0000000704600000| Untracked 
|  43|0x0000000704700000, 0x0000000704700000, 0x0000000704800000|  0%| F|  |TAMS 0x0000000704700000, 0x0000000704700000| Untracked 
|  44|0x0000000704800000, 0x0000000704800000, 0x0000000704900000|  0%| F|  |TAMS 0x0000000704800000, 0x0000000704800000| Untracked 
|  45|0x0000000704900000, 0x0000000704900000, 0x0000000704a00000|  0%| F|  |TAMS 0x0000000704900000, 0x0000000704900000| Untracked 
|  46|0x0000000704a00000, 0x0000000704a00000, 0x0000000704b00000|  0%| F|  |TAMS 0x0000000704a00000, 0x0000000704a00000| Untracked 
|  47|0x0000000704b00000, 0x0000000704b00000, 0x0000000704c00000|  0%| F|  |TAMS 0x0000000704b00000, 0x0000000704b00000| Untracked 
|  48|0x0000000704c00000, 0x0000000704c00000, 0x0000000704d00000|  0%| F|  |TAMS 0x0000000704c00000, 0x0000000704c00000| Untracked 
|  49|0x0000000704d00000, 0x0000000704d00000, 0x0000000704e00000|  0%| F|  |TAMS 0x0000000704d00000, 0x0000000704d00000| Untracked 
|  50|0x0000000704e00000, 0x0000000704e00000, 0x0000000704f00000|  0%| F|  |TAMS 0x0000000704e00000, 0x0000000704e00000| Untracked 
|  51|0x0000000704f00000, 0x0000000704f00000, 0x0000000705000000|  0%| F|  |TAMS 0x0000000704f00000, 0x0000000704f00000| Untracked 
|  52|0x0000000705000000, 0x0000000705000000, 0x0000000705100000|  0%| F|  |TAMS 0x0000000705000000, 0x0000000705000000| Untracked 
|  53|0x0000000705100000, 0x0000000705100000, 0x0000000705200000|  0%| F|  |TAMS 0x0000000705100000, 0x0000000705100000| Untracked 
|  54|0x0000000705200000, 0x0000000705200000, 0x0000000705300000|  0%| F|  |TAMS 0x0000000705200000, 0x0000000705200000| Untracked 
|  55|0x0000000705300000, 0x0000000705300000, 0x0000000705400000|  0%| F|  |TAMS 0x0000000705300000, 0x0000000705300000| Untracked 
|  56|0x0000000705400000, 0x0000000705400000, 0x0000000705500000|  0%| F|  |TAMS 0x0000000705400000, 0x0000000705400000| Untracked 
|  57|0x0000000705500000, 0x0000000705500000, 0x0000000705600000|  0%| F|  |TAMS 0x0000000705500000, 0x0000000705500000| Untracked 
|  58|0x0000000705600000, 0x0000000705600000, 0x0000000705700000|  0%| F|  |TAMS 0x0000000705600000, 0x0000000705600000| Untracked 
|  59|0x0000000705700000, 0x0000000705700000, 0x0000000705800000|  0%| F|  |TAMS 0x0000000705700000, 0x0000000705700000| Untracked 
|  60|0x0000000705800000, 0x0000000705800000, 0x0000000705900000|  0%| F|  |TAMS 0x0000000705800000, 0x0000000705800000| Untracked 
|  61|0x0000000705900000, 0x0000000705900000, 0x0000000705a00000|  0%| F|  |TAMS 0x0000000705900000, 0x0000000705900000| Untracked 
|  62|0x0000000705a00000, 0x0000000705a00000, 0x0000000705b00000|  0%| F|  |TAMS 0x0000000705a00000, 0x0000000705a00000| Untracked 
|  63|0x0000000705b00000, 0x0000000705b00000, 0x0000000705c00000|  0%| F|  |TAMS 0x0000000705b00000, 0x0000000705b00000| Untracked 
|  64|0x0000000705c00000, 0x0000000705c00000, 0x0000000705d00000|  0%| F|  |TAMS 0x0000000705c00000, 0x0000000705c00000| Untracked 
|  65|0x0000000705d00000, 0x0000000705d00000, 0x0000000705e00000|  0%| F|  |TAMS 0x0000000705d00000, 0x0000000705d00000| Untracked 
|  66|0x0000000705e00000, 0x0000000705e00000, 0x0000000705f00000|  0%| F|  |TAMS 0x0000000705e00000, 0x0000000705e00000| Untracked 
|  67|0x0000000705f00000, 0x0000000705f00000, 0x0000000706000000|  0%| F|  |TAMS 0x0000000705f00000, 0x0000000705f00000| Untracked 
|  68|0x0000000706000000, 0x0000000706000000, 0x0000000706100000|  0%| F|  |TAMS 0x0000000706000000, 0x0000000706000000| Untracked 
|  69|0x0000000706100000, 0x0000000706100000, 0x0000000706200000|  0%| F|  |TAMS 0x0000000706100000, 0x0000000706100000| Untracked 
|  70|0x0000000706200000, 0x0000000706200000, 0x0000000706300000|  0%| F|  |TAMS 0x0000000706200000, 0x0000000706200000| Untracked 
|  71|0x0000000706300000, 0x0000000706300000, 0x0000000706400000|  0%| F|  |TAMS 0x0000000706300000, 0x0000000706300000| Untracked 
|  72|0x0000000706400000, 0x0000000706400000, 0x0000000706500000|  0%| F|  |TAMS 0x0000000706400000, 0x0000000706400000| Untracked 
|  73|0x0000000706500000, 0x0000000706500000, 0x0000000706600000|  0%| F|  |TAMS 0x0000000706500000, 0x0000000706500000| Untracked 
|  74|0x0000000706600000, 0x0000000706600000, 0x0000000706700000|  0%| F|  |TAMS 0x0000000706600000, 0x0000000706600000| Untracked 
|  75|0x0000000706700000, 0x0000000706700000, 0x0000000706800000|  0%| F|  |TAMS 0x0000000706700000, 0x0000000706700000| Untracked 
|  76|0x0000000706800000, 0x0000000706800000, 0x0000000706900000|  0%| F|  |TAMS 0x0000000706800000, 0x0000000706800000| Untracked 
|  77|0x0000000706900000, 0x0000000706900000, 0x0000000706a00000|  0%| F|  |TAMS 0x0000000706900000, 0x0000000706900000| Untracked 
|  78|0x0000000706a00000, 0x0000000706a00000, 0x0000000706b00000|  0%| F|  |TAMS 0x0000000706a00000, 0x0000000706a00000| Untracked 
|  79|0x0000000706b00000, 0x0000000706b00000, 0x0000000706c00000|  0%| F|  |TAMS 0x0000000706b00000, 0x0000000706b00000| Untracked 
|  80|0x0000000706c00000, 0x0000000706c00000, 0x0000000706d00000|  0%| F|  |TAMS 0x0000000706c00000, 0x0000000706c00000| Untracked 
|  81|0x0000000706d00000, 0x0000000706d00000, 0x0000000706e00000|  0%| F|  |TAMS 0x0000000706d00000, 0x0000000706d00000| Untracked 
|  82|0x0000000706e00000, 0x0000000706e00000, 0x0000000706f00000|  0%| F|  |TAMS 0x0000000706e00000, 0x0000000706e00000| Untracked 
|  83|0x0000000706f00000, 0x0000000706f00000, 0x0000000707000000|  0%| F|  |TAMS 0x0000000706f00000, 0x0000000706f00000| Untracked 
|  84|0x0000000707000000, 0x0000000707000000, 0x0000000707100000|  0%| F|  |TAMS 0x0000000707000000, 0x0000000707000000| Untracked 
|  85|0x0000000707100000, 0x0000000707100000, 0x0000000707200000|  0%| F|  |TAMS 0x0000000707100000, 0x0000000707100000| Untracked 
|  86|0x0000000707200000, 0x0000000707200000, 0x0000000707300000|  0%| F|  |TAMS 0x0000000707200000, 0x0000000707200000| Untracked 
|  87|0x0000000707300000, 0x0000000707300000, 0x0000000707400000|  0%| F|  |TAMS 0x0000000707300000, 0x0000000707300000| Untracked 
|  88|0x0000000707400000, 0x0000000707400000, 0x0000000707500000|  0%| F|  |TAMS 0x0000000707400000, 0x0000000707400000| Untracked 
|  89|0x0000000707500000, 0x0000000707500000, 0x0000000707600000|  0%| F|  |TAMS 0x0000000707500000, 0x0000000707500000| Untracked 
|  90|0x0000000707600000, 0x0000000707600000, 0x0000000707700000|  0%| F|  |TAMS 0x0000000707600000, 0x0000000707600000| Untracked 
|  91|0x0000000707700000, 0x0000000707700000, 0x0000000707800000|  0%| F|  |TAMS 0x0000000707700000, 0x0000000707700000| Untracked 
|  92|0x0000000707800000, 0x0000000707800000, 0x0000000707900000|  0%| F|  |TAMS 0x0000000707800000, 0x0000000707800000| Untracked 
|  93|0x0000000707900000, 0x0000000707900000, 0x0000000707a00000|  0%| F|  |TAMS 0x0000000707900000, 0x0000000707900000| Untracked 
|  94|0x0000000707a00000, 0x0000000707a00000, 0x0000000707b00000|  0%| F|  |TAMS 0x0000000707a00000, 0x0000000707a00000| Untracked 
|  95|0x0000000707b00000, 0x0000000707b00000, 0x0000000707c00000|  0%| F|  |TAMS 0x0000000707b00000, 0x0000000707b00000| Untracked 
|  96|0x0000000707c00000, 0x0000000707c00000, 0x0000000707d00000|  0%| F|  |TAMS 0x0000000707c00000, 0x0000000707c00000| Untracked 
|  97|0x0000000707d00000, 0x0000000707d00000, 0x0000000707e00000|  0%| F|  |TAMS 0x0000000707d00000, 0x0000000707d00000| Untracked 
|  98|0x0000000707e00000, 0x0000000707e00000, 0x0000000707f00000|  0%| F|  |TAMS 0x0000000707e00000, 0x0000000707e00000| Untracked 
|  99|0x0000000707f00000, 0x0000000707f00000, 0x0000000708000000|  0%| F|  |TAMS 0x0000000707f00000, 0x0000000707f00000| Untracked 
| 100|0x0000000708000000, 0x0000000708000000, 0x0000000708100000|  0%| F|  |TAMS 0x0000000708000000, 0x0000000708000000| Untracked 
| 101|0x0000000708100000, 0x0000000708100000, 0x0000000708200000|  0%| F|  |TAMS 0x0000000708100000, 0x0000000708100000| Untracked 
| 102|0x0000000708200000, 0x0000000708200000, 0x0000000708300000|  0%| F|  |TAMS 0x0000000708200000, 0x0000000708200000| Untracked 
| 103|0x0000000708300000, 0x0000000708300000, 0x0000000708400000|  0%| F|  |TAMS 0x0000000708300000, 0x0000000708300000| Untracked 
| 104|0x0000000708400000, 0x0000000708400000, 0x0000000708500000|  0%| F|  |TAMS 0x0000000708400000, 0x0000000708400000| Untracked 
| 105|0x0000000708500000, 0x0000000708500000, 0x0000000708600000|  0%| F|  |TAMS 0x0000000708500000, 0x0000000708500000| Untracked 
| 106|0x0000000708600000, 0x0000000708600000, 0x0000000708700000|  0%| F|  |TAMS 0x0000000708600000, 0x0000000708600000| Untracked 
| 107|0x0000000708700000, 0x0000000708700000, 0x0000000708800000|  0%| F|  |TAMS 0x0000000708700000, 0x0000000708700000| Untracked 
| 108|0x0000000708800000, 0x0000000708800000, 0x0000000708900000|  0%| F|  |TAMS 0x0000000708800000, 0x0000000708800000| Untracked 
| 109|0x0000000708900000, 0x0000000708900000, 0x0000000708a00000|  0%| F|  |TAMS 0x0000000708900000, 0x0000000708900000| Untracked 
| 110|0x0000000708a00000, 0x0000000708a00000, 0x0000000708b00000|  0%| F|  |TAMS 0x0000000708a00000, 0x0000000708a00000| Untracked 
| 111|0x0000000708b00000, 0x0000000708b00000, 0x0000000708c00000|  0%| F|  |TAMS 0x0000000708b00000, 0x0000000708b00000| Untracked 
| 112|0x0000000708c00000, 0x0000000708c00000, 0x0000000708d00000|  0%| F|  |TAMS 0x0000000708c00000, 0x0000000708c00000| Untracked 
| 113|0x0000000708d00000, 0x0000000708d00000, 0x0000000708e00000|  0%| F|  |TAMS 0x0000000708d00000, 0x0000000708d00000| Untracked 
| 114|0x0000000708e00000, 0x0000000708e00000, 0x0000000708f00000|  0%| F|  |TAMS 0x0000000708e00000, 0x0000000708e00000| Untracked 
| 115|0x0000000708f00000, 0x0000000708f00000, 0x0000000709000000|  0%| F|  |TAMS 0x0000000708f00000, 0x0000000708f00000| Untracked 
| 116|0x0000000709000000, 0x0000000709000000, 0x0000000709100000|  0%| F|  |TAMS 0x0000000709000000, 0x0000000709000000| Untracked 
| 117|0x0000000709100000, 0x0000000709100000, 0x0000000709200000|  0%| F|  |TAMS 0x0000000709100000, 0x0000000709100000| Untracked 
| 118|0x0000000709200000, 0x0000000709200000, 0x0000000709300000|  0%| F|  |TAMS 0x0000000709200000, 0x0000000709200000| Untracked 
| 119|0x0000000709300000, 0x0000000709300000, 0x0000000709400000|  0%| F|  |TAMS 0x0000000709300000, 0x0000000709300000| Untracked 
| 120|0x0000000709400000, 0x0000000709400000, 0x0000000709500000|  0%| F|  |TAMS 0x0000000709400000, 0x0000000709400000| Untracked 
| 121|0x0000000709500000, 0x0000000709500000, 0x0000000709600000|  0%| F|  |TAMS 0x0000000709500000, 0x0000000709500000| Untracked 
| 122|0x0000000709600000, 0x0000000709600000, 0x0000000709700000|  0%| F|  |TAMS 0x0000000709600000, 0x0000000709600000| Untracked 
| 123|0x0000000709700000, 0x0000000709700000, 0x0000000709800000|  0%| F|  |TAMS 0x0000000709700000, 0x0000000709700000| Untracked 
| 124|0x0000000709800000, 0x0000000709800000, 0x0000000709900000|  0%| F|  |TAMS 0x0000000709800000, 0x0000000709800000| Untracked 
| 125|0x0000000709900000, 0x0000000709900000, 0x0000000709a00000|  0%| F|  |TAMS 0x0000000709900000, 0x0000000709900000| Untracked 
| 126|0x0000000709a00000, 0x0000000709a00000, 0x0000000709b00000|  0%| F|  |TAMS 0x0000000709a00000, 0x0000000709a00000| Untracked 
| 127|0x0000000709b00000, 0x0000000709b00000, 0x0000000709c00000|  0%| F|  |TAMS 0x0000000709b00000, 0x0000000709b00000| Untracked 
| 128|0x0000000709c00000, 0x0000000709c00000, 0x0000000709d00000|  0%| F|  |TAMS 0x0000000709c00000, 0x0000000709c00000| Untracked 
| 129|0x0000000709d00000, 0x0000000709d00000, 0x0000000709e00000|  0%| F|  |TAMS 0x0000000709d00000, 0x0000000709d00000| Untracked 
| 130|0x0000000709e00000, 0x0000000709e00000, 0x0000000709f00000|  0%| F|  |TAMS 0x0000000709e00000, 0x0000000709e00000| Untracked 
| 131|0x0000000709f00000, 0x0000000709f00000, 0x000000070a000000|  0%| F|  |TAMS 0x0000000709f00000, 0x0000000709f00000| Untracked 
| 132|0x000000070a000000, 0x000000070a000000, 0x000000070a100000|  0%| F|  |TAMS 0x000000070a000000, 0x000000070a000000| Untracked 
| 133|0x000000070a100000, 0x000000070a100000, 0x000000070a200000|  0%| F|  |TAMS 0x000000070a100000, 0x000000070a100000| Untracked 
| 134|0x000000070a200000, 0x000000070a200000, 0x000000070a300000|  0%| F|  |TAMS 0x000000070a200000, 0x000000070a200000| Untracked 
| 135|0x000000070a300000, 0x000000070a300000, 0x000000070a400000|  0%| F|  |TAMS 0x000000070a300000, 0x000000070a300000| Untracked 
| 136|0x000000070a400000, 0x000000070a400000, 0x000000070a500000|  0%| F|  |TAMS 0x000000070a400000, 0x000000070a400000| Untracked 
| 137|0x000000070a500000, 0x000000070a500000, 0x000000070a600000|  0%| F|  |TAMS 0x000000070a500000, 0x000000070a500000| Untracked 
| 138|0x000000070a600000, 0x000000070a600000, 0x000000070a700000|  0%| F|  |TAMS 0x000000070a600000, 0x000000070a600000| Untracked 
| 139|0x000000070a700000, 0x000000070a700000, 0x000000070a800000|  0%| F|  |TAMS 0x000000070a700000, 0x000000070a700000| Untracked 
| 140|0x000000070a800000, 0x000000070a800000, 0x000000070a900000|  0%| F|  |TAMS 0x000000070a800000, 0x000000070a800000| Untracked 
| 141|0x000000070a900000, 0x000000070a900000, 0x000000070aa00000|  0%| F|  |TAMS 0x000000070a900000, 0x000000070a900000| Untracked 
| 142|0x000000070aa00000, 0x000000070aa00000, 0x000000070ab00000|  0%| F|  |TAMS 0x000000070aa00000, 0x000000070aa00000| Untracked 
| 143|0x000000070ab00000, 0x000000070ab00000, 0x000000070ac00000|  0%| F|  |TAMS 0x000000070ab00000, 0x000000070ab00000| Untracked 
| 144|0x000000070ac00000, 0x000000070ac00000, 0x000000070ad00000|  0%| F|  |TAMS 0x000000070ac00000, 0x000000070ac00000| Untracked 
| 145|0x000000070ad00000, 0x000000070ad00000, 0x000000070ae00000|  0%| F|  |TAMS 0x000000070ad00000, 0x000000070ad00000| Untracked 
| 146|0x000000070ae00000, 0x000000070ae00000, 0x000000070af00000|  0%| F|  |TAMS 0x000000070ae00000, 0x000000070ae00000| Untracked 
| 147|0x000000070af00000, 0x000000070af00000, 0x000000070b000000|  0%| F|  |TAMS 0x000000070af00000, 0x000000070af00000| Untracked 
| 148|0x000000070b000000, 0x000000070b000000, 0x000000070b100000|  0%| F|  |TAMS 0x000000070b000000, 0x000000070b000000| Untracked 
| 149|0x000000070b100000, 0x000000070b100000, 0x000000070b200000|  0%| F|  |TAMS 0x000000070b100000, 0x000000070b100000| Untracked 
| 150|0x000000070b200000, 0x000000070b200000, 0x000000070b300000|  0%| F|  |TAMS 0x000000070b200000, 0x000000070b200000| Untracked 
| 151|0x000000070b300000, 0x000000070b300000, 0x000000070b400000|  0%| F|  |TAMS 0x000000070b300000, 0x000000070b300000| Untracked 
| 152|0x000000070b400000, 0x000000070b400000, 0x000000070b500000|  0%| F|  |TAMS 0x000000070b400000, 0x000000070b400000| Untracked 
| 153|0x000000070b500000, 0x000000070b500000, 0x000000070b600000|  0%| F|  |TAMS 0x000000070b500000, 0x000000070b500000| Untracked 
| 154|0x000000070b600000, 0x000000070b600000, 0x000000070b700000|  0%| F|  |TAMS 0x000000070b600000, 0x000000070b600000| Untracked 
| 155|0x000000070b700000, 0x000000070b700000, 0x000000070b800000|  0%| F|  |TAMS 0x000000070b700000, 0x000000070b700000| Untracked 
| 156|0x000000070b800000, 0x000000070b800000, 0x000000070b900000|  0%| F|  |TAMS 0x000000070b800000, 0x000000070b800000| Untracked 
| 157|0x000000070b900000, 0x000000070b900000, 0x000000070ba00000|  0%| F|  |TAMS 0x000000070b900000, 0x000000070b900000| Untracked 
| 158|0x000000070ba00000, 0x000000070ba00000, 0x000000070bb00000|  0%| F|  |TAMS 0x000000070ba00000, 0x000000070ba00000| Untracked 
| 159|0x000000070bb00000, 0x000000070bb00000, 0x000000070bc00000|  0%| F|  |TAMS 0x000000070bb00000, 0x000000070bb00000| Untracked 
| 160|0x000000070bc00000, 0x000000070bc00000, 0x000000070bd00000|  0%| F|  |TAMS 0x000000070bc00000, 0x000000070bc00000| Untracked 
| 161|0x000000070bd00000, 0x000000070bd00000, 0x000000070be00000|  0%| F|  |TAMS 0x000000070bd00000, 0x000000070bd00000| Untracked 
| 162|0x000000070be00000, 0x000000070be00000, 0x000000070bf00000|  0%| F|  |TAMS 0x000000070be00000, 0x000000070be00000| Untracked 
| 163|0x000000070bf00000, 0x000000070bf00000, 0x000000070c000000|  0%| F|  |TAMS 0x000000070bf00000, 0x000000070bf00000| Untracked 
| 164|0x000000070c000000, 0x000000070c000000, 0x000000070c100000|  0%| F|  |TAMS 0x000000070c000000, 0x000000070c000000| Untracked 
| 165|0x000000070c100000, 0x000000070c100000, 0x000000070c200000|  0%| F|  |TAMS 0x000000070c100000, 0x000000070c100000| Untracked 
| 166|0x000000070c200000, 0x000000070c200000, 0x000000070c300000|  0%| F|  |TAMS 0x000000070c200000, 0x000000070c200000| Untracked 
| 167|0x000000070c300000, 0x000000070c300000, 0x000000070c400000|  0%| F|  |TAMS 0x000000070c300000, 0x000000070c300000| Untracked 
| 168|0x000000070c400000, 0x000000070c400000, 0x000000070c500000|  0%| F|  |TAMS 0x000000070c400000, 0x000000070c400000| Untracked 
| 169|0x000000070c500000, 0x000000070c500000, 0x000000070c600000|  0%| F|  |TAMS 0x000000070c500000, 0x000000070c500000| Untracked 
| 170|0x000000070c600000, 0x000000070c600000, 0x000000070c700000|  0%| F|  |TAMS 0x000000070c600000, 0x000000070c600000| Untracked 
| 171|0x000000070c700000, 0x000000070c700000, 0x000000070c800000|  0%| F|  |TAMS 0x000000070c700000, 0x000000070c700000| Untracked 
| 172|0x000000070c800000, 0x000000070c800000, 0x000000070c900000|  0%| F|  |TAMS 0x000000070c800000, 0x000000070c800000| Untracked 
| 173|0x000000070c900000, 0x000000070c900000, 0x000000070ca00000|  0%| F|  |TAMS 0x000000070c900000, 0x000000070c900000| Untracked 
| 174|0x000000070ca00000, 0x000000070ca00000, 0x000000070cb00000|  0%| F|  |TAMS 0x000000070ca00000, 0x000000070ca00000| Untracked 
| 175|0x000000070cb00000, 0x000000070cb00000, 0x000000070cc00000|  0%| F|  |TAMS 0x000000070cb00000, 0x000000070cb00000| Untracked 
| 176|0x000000070cc00000, 0x000000070cc00000, 0x000000070cd00000|  0%| F|  |TAMS 0x000000070cc00000, 0x000000070cc00000| Untracked 
| 177|0x000000070cd00000, 0x000000070cd00000, 0x000000070ce00000|  0%| F|  |TAMS 0x000000070cd00000, 0x000000070cd00000| Untracked 
| 178|0x000000070ce00000, 0x000000070ce00000, 0x000000070cf00000|  0%| F|  |TAMS 0x000000070ce00000, 0x000000070ce00000| Untracked 
| 179|0x000000070cf00000, 0x000000070cf00000, 0x000000070d000000|  0%| F|  |TAMS 0x000000070cf00000, 0x000000070cf00000| Untracked 
| 180|0x000000070d000000, 0x000000070d000000, 0x000000070d100000|  0%| F|  |TAMS 0x000000070d000000, 0x000000070d000000| Untracked 
| 181|0x000000070d100000, 0x000000070d100000, 0x000000070d200000|  0%| F|  |TAMS 0x000000070d100000, 0x000000070d100000| Untracked 
| 182|0x000000070d200000, 0x000000070d200000, 0x000000070d300000|  0%| F|  |TAMS 0x000000070d200000, 0x000000070d200000| Untracked 
| 183|0x000000070d300000, 0x000000070d300000, 0x000000070d400000|  0%| F|  |TAMS 0x000000070d300000, 0x000000070d300000| Untracked 
| 184|0x000000070d400000, 0x000000070d400000, 0x000000070d500000|  0%| F|  |TAMS 0x000000070d400000, 0x000000070d400000| Untracked 
| 185|0x000000070d500000, 0x000000070d500000, 0x000000070d600000|  0%| F|  |TAMS 0x000000070d500000, 0x000000070d500000| Untracked 
| 186|0x000000070d600000, 0x000000070d600000, 0x000000070d700000|  0%| F|  |TAMS 0x000000070d600000, 0x000000070d600000| Untracked 
| 187|0x000000070d700000, 0x000000070d700000, 0x000000070d800000|  0%| F|  |TAMS 0x000000070d700000, 0x000000070d700000| Untracked 
| 188|0x000000070d800000, 0x000000070d800000, 0x000000070d900000|  0%| F|  |TAMS 0x000000070d800000, 0x000000070d800000| Untracked 
| 189|0x000000070d900000, 0x000000070d900000, 0x000000070da00000|  0%| F|  |TAMS 0x000000070d900000, 0x000000070d900000| Untracked 
| 190|0x000000070da00000, 0x000000070da00000, 0x000000070db00000|  0%| F|  |TAMS 0x000000070da00000, 0x000000070da00000| Untracked 
| 191|0x000000070db00000, 0x000000070db00000, 0x000000070dc00000|  0%| F|  |TAMS 0x000000070db00000, 0x000000070db00000| Untracked 
| 192|0x000000070dc00000, 0x000000070dc00000, 0x000000070dd00000|  0%| F|  |TAMS 0x000000070dc00000, 0x000000070dc00000| Untracked 
| 193|0x000000070dd00000, 0x000000070dd00000, 0x000000070de00000|  0%| F|  |TAMS 0x000000070dd00000, 0x000000070dd00000| Untracked 
| 194|0x000000070de00000, 0x000000070de00000, 0x000000070df00000|  0%| F|  |TAMS 0x000000070de00000, 0x000000070de00000| Untracked 
| 195|0x000000070df00000, 0x000000070df00000, 0x000000070e000000|  0%| F|  |TAMS 0x000000070df00000, 0x000000070df00000| Untracked 
| 196|0x000000070e000000, 0x000000070e000000, 0x000000070e100000|  0%| F|  |TAMS 0x000000070e000000, 0x000000070e000000| Untracked 
| 197|0x000000070e100000, 0x000000070e100000, 0x000000070e200000|  0%| F|  |TAMS 0x000000070e100000, 0x000000070e100000| Untracked 
| 198|0x000000070e200000, 0x000000070e200000, 0x000000070e300000|  0%| F|  |TAMS 0x000000070e200000, 0x000000070e200000| Untracked 
| 199|0x000000070e300000, 0x000000070e300000, 0x000000070e400000|  0%| F|  |TAMS 0x000000070e300000, 0x000000070e300000| Untracked 
| 200|0x000000070e400000, 0x000000070e500000, 0x000000070e500000|100%| E|  |TAMS 0x000000070e400000, 0x000000070e400000| Complete 
| 201|0x000000070e500000, 0x000000070e600000, 0x000000070e600000|100%| E|CS|TAMS 0x000000070e500000, 0x000000070e500000| Complete 
| 202|0x000000070e600000, 0x000000070e700000, 0x000000070e700000|100%| E|CS|TAMS 0x000000070e600000, 0x000000070e600000| Complete 
| 203|0x000000070e700000, 0x000000070e800000, 0x000000070e800000|100%| E|CS|TAMS 0x000000070e700000, 0x000000070e700000| Complete 
| 204|0x000000070e800000, 0x000000070e900000, 0x000000070e900000|100%| E|CS|TAMS 0x000000070e800000, 0x000000070e800000| Complete 
| 205|0x000000070e900000, 0x000000070ea00000, 0x000000070ea00000|100%| E|CS|TAMS 0x000000070e900000, 0x000000070e900000| Complete 
| 206|0x000000070ea00000, 0x000000070eb00000, 0x000000070eb00000|100%| E|CS|TAMS 0x000000070ea00000, 0x000000070ea00000| Complete 
| 207|0x000000070eb00000, 0x000000070ec00000, 0x000000070ec00000|100%| E|CS|TAMS 0x000000070eb00000, 0x000000070eb00000| Complete 
| 208|0x000000070ec00000, 0x000000070ed00000, 0x000000070ed00000|100%| E|CS|TAMS 0x000000070ec00000, 0x000000070ec00000| Complete 
| 209|0x000000070ed00000, 0x000000070ee00000, 0x000000070ee00000|100%| E|CS|TAMS 0x000000070ed00000, 0x000000070ed00000| Complete 
| 210|0x000000070ee00000, 0x000000070ee85de0, 0x000000070ef00000| 52%| S|CS|TAMS 0x000000070ee00000, 0x000000070ee00000| Complete 
| 211|0x000000070ef00000, 0x000000070f000000, 0x000000070f000000|100%| S|CS|TAMS 0x000000070ef00000, 0x000000070ef00000| Complete 
| 212|0x000000070f000000, 0x000000070f100000, 0x000000070f100000|100%| S|CS|TAMS 0x000000070f000000, 0x000000070f000000| Complete 
| 213|0x000000070f100000, 0x000000070f200000, 0x000000070f200000|100%| S|CS|TAMS 0x000000070f100000, 0x000000070f100000| Complete 
| 214|0x000000070f200000, 0x000000070f300000, 0x000000070f300000|100%| S|CS|TAMS 0x000000070f200000, 0x000000070f200000| Complete 
| 215|0x000000070f300000, 0x000000070f400000, 0x000000070f400000|100%| S|CS|TAMS 0x000000070f300000, 0x000000070f300000| Complete 
| 216|0x000000070f400000, 0x000000070f500000, 0x000000070f500000|100%| S|CS|TAMS 0x000000070f400000, 0x000000070f400000| Complete 
| 217|0x000000070f500000, 0x000000070f600000, 0x000000070f600000|100%| E|CS|TAMS 0x000000070f500000, 0x000000070f500000| Complete 
| 218|0x000000070f600000, 0x000000070f700000, 0x000000070f700000|100%| E|CS|TAMS 0x000000070f600000, 0x000000070f600000| Complete 
| 219|0x000000070f700000, 0x000000070f800000, 0x000000070f800000|100%| E|CS|TAMS 0x000000070f700000, 0x000000070f700000| Complete 
| 220|0x000000070f800000, 0x000000070f900000, 0x000000070f900000|100%| E|CS|TAMS 0x000000070f800000, 0x000000070f800000| Complete 
| 221|0x000000070f900000, 0x000000070fa00000, 0x000000070fa00000|100%| E|CS|TAMS 0x000000070f900000, 0x000000070f900000| Complete 
| 222|0x000000070fa00000, 0x000000070fb00000, 0x000000070fb00000|100%| E|CS|TAMS 0x000000070fa00000, 0x000000070fa00000| Complete 
| 223|0x000000070fb00000, 0x000000070fc00000, 0x000000070fc00000|100%| E|CS|TAMS 0x000000070fb00000, 0x000000070fb00000| Complete 
| 224|0x000000070fc00000, 0x000000070fd00000, 0x000000070fd00000|100%| E|CS|TAMS 0x000000070fc00000, 0x000000070fc00000| Complete 
| 225|0x000000070fd00000, 0x000000070fe00000, 0x000000070fe00000|100%| E|CS|TAMS 0x000000070fd00000, 0x000000070fd00000| Complete 
| 226|0x000000070fe00000, 0x000000070ff00000, 0x000000070ff00000|100%| E|CS|TAMS 0x000000070fe00000, 0x000000070fe00000| Complete 
| 227|0x000000070ff00000, 0x0000000710000000, 0x0000000710000000|100%| E|CS|TAMS 0x000000070ff00000, 0x000000070ff00000| Complete 
| 228|0x0000000710000000, 0x0000000710100000, 0x0000000710100000|100%| E|CS|TAMS 0x0000000710000000, 0x0000000710000000| Complete 
| 229|0x0000000710100000, 0x0000000710200000, 0x0000000710200000|100%| E|CS|TAMS 0x0000000710100000, 0x0000000710100000| Complete 
| 230|0x0000000710200000, 0x0000000710300000, 0x0000000710300000|100%| E|CS|TAMS 0x0000000710200000, 0x0000000710200000| Complete 
| 231|0x0000000710300000, 0x0000000710400000, 0x0000000710400000|100%| E|CS|TAMS 0x0000000710300000, 0x0000000710300000| Complete 
| 232|0x0000000710400000, 0x0000000710500000, 0x0000000710500000|100%| E|CS|TAMS 0x0000000710400000, 0x0000000710400000| Complete 
| 233|0x0000000710500000, 0x0000000710600000, 0x0000000710600000|100%| E|CS|TAMS 0x0000000710500000, 0x0000000710500000| Complete 
| 234|0x0000000710600000, 0x0000000710700000, 0x0000000710700000|100%| E|CS|TAMS 0x0000000710600000, 0x0000000710600000| Complete 
| 235|0x0000000710700000, 0x0000000710800000, 0x0000000710800000|100%| E|CS|TAMS 0x0000000710700000, 0x0000000710700000| Complete 
| 236|0x0000000710800000, 0x0000000710900000, 0x0000000710900000|100%| E|CS|TAMS 0x0000000710800000, 0x0000000710800000| Complete 
| 237|0x0000000710900000, 0x0000000710a00000, 0x0000000710a00000|100%| E|CS|TAMS 0x0000000710900000, 0x0000000710900000| Complete 
| 238|0x0000000710a00000, 0x0000000710b00000, 0x0000000710b00000|100%| E|CS|TAMS 0x0000000710a00000, 0x0000000710a00000| Complete 
| 239|0x0000000710b00000, 0x0000000710c00000, 0x0000000710c00000|100%| E|CS|TAMS 0x0000000710b00000, 0x0000000710b00000| Complete 
| 240|0x0000000710c00000, 0x0000000710d00000, 0x0000000710d00000|100%| E|CS|TAMS 0x0000000710c00000, 0x0000000710c00000| Complete 
| 241|0x0000000710d00000, 0x0000000710e00000, 0x0000000710e00000|100%| E|CS|TAMS 0x0000000710d00000, 0x0000000710d00000| Complete 
| 242|0x0000000710e00000, 0x0000000710f00000, 0x0000000710f00000|100%| E|CS|TAMS 0x0000000710e00000, 0x0000000710e00000| Complete 
| 243|0x0000000710f00000, 0x0000000711000000, 0x0000000711000000|100%| E|CS|TAMS 0x0000000710f00000, 0x0000000710f00000| Complete 
| 244|0x0000000711000000, 0x0000000711100000, 0x0000000711100000|100%| E|CS|TAMS 0x0000000711000000, 0x0000000711000000| Complete 
| 245|0x0000000711100000, 0x0000000711200000, 0x0000000711200000|100%| E|CS|TAMS 0x0000000711100000, 0x0000000711100000| Complete 
| 246|0x0000000711200000, 0x0000000711300000, 0x0000000711300000|100%| E|CS|TAMS 0x0000000711200000, 0x0000000711200000| Complete 
| 247|0x0000000711300000, 0x0000000711400000, 0x0000000711400000|100%| E|CS|TAMS 0x0000000711300000, 0x0000000711300000| Complete 
| 248|0x0000000711400000, 0x0000000711500000, 0x0000000711500000|100%| E|CS|TAMS 0x0000000711400000, 0x0000000711400000| Complete 
| 249|0x0000000711500000, 0x0000000711600000, 0x0000000711600000|100%| E|CS|TAMS 0x0000000711500000, 0x0000000711500000| Complete 
| 250|0x0000000711600000, 0x0000000711700000, 0x0000000711700000|100%| E|CS|TAMS 0x0000000711600000, 0x0000000711600000| Complete 
| 251|0x0000000711700000, 0x0000000711800000, 0x0000000711800000|100%| E|CS|TAMS 0x0000000711700000, 0x0000000711700000| Complete 
| 252|0x0000000711800000, 0x0000000711900000, 0x0000000711900000|100%| E|CS|TAMS 0x0000000711800000, 0x0000000711800000| Complete 
| 253|0x0000000711900000, 0x0000000711a00000, 0x0000000711a00000|100%| E|CS|TAMS 0x0000000711900000, 0x0000000711900000| Complete 
| 254|0x0000000711a00000, 0x0000000711b00000, 0x0000000711b00000|100%| E|CS|TAMS 0x0000000711a00000, 0x0000000711a00000| Complete 
| 255|0x0000000711b00000, 0x0000000711c00000, 0x0000000711c00000|100%| E|CS|TAMS 0x0000000711b00000, 0x0000000711b00000| Complete 

Card table byte_map: [0x0000015234640000,0x0000015234e40000] _byte_map_base: 0x0000015230e32000

Marking Bits (Prev, Next): (CMBitMap*) 0x000001521f18eba0, (CMBitMap*) 0x000001521f18eb68
 Prev Bits: [0x00000152395d0000, 0x000001523d560000)
 Next Bits: [0x0000015235640000, 0x00000152395d0000)

Polling page: 0x000001521eff0000

Metaspace:

Usage:
  Non-class:     27.43 MB capacity,    27.10 MB ( 99%) used,   295.23 KB (  1%) free+waste,    47.19 KB ( <1%) overhead. 
      Class:      3.88 MB capacity,     3.72 MB ( 96%) used,   142.89 KB (  4%) free+waste,    21.63 KB ( <1%) overhead. 
       Both:     31.31 MB capacity,    30.81 MB ( 98%) used,   438.12 KB (  1%) free+waste,    68.81 KB ( <1%) overhead. 

Virtual space:
  Non-class space:       28.00 MB reserved,      27.50 MB ( 98%) committed 
      Class space:        1.00 GB reserved,       4.00 MB ( <1%) committed 
             Both:        1.03 GB reserved,      31.50 MB (  3%) committed 

Chunk freelists:
   Non-Class:  8.00 KB
       Class:  31.00 KB
        Both:  39.00 KB

MaxMetaspaceSize: 17179869184.00 GB
CompressedClassSpaceSize: 1.00 GB

CodeHeap 'non-profiled nmethods': size=120000Kb used=869Kb max_used=869Kb free=119130Kb
 bounds [0x000001522beb0000, 0x000001522c120000, 0x00000152333e0000]
CodeHeap 'profiled nmethods': size=120000Kb used=4262Kb max_used=4262Kb free=115737Kb
 bounds [0x0000015224980000, 0x0000015224db0000, 0x000001522beb0000]
CodeHeap 'non-nmethods': size=5760Kb used=1174Kb max_used=1226Kb free=4585Kb
 bounds [0x00000152243e0000, 0x0000015224650000, 0x0000015224980000]
 total_blobs=2773 nmethods=2259 adapters=425
 compilation: enabled
              stopped_count=0, restarted_count=0
 full_count=0

Compilation events (20 events):
Event: 1.758 Thread 0x00000152409e7000 2251       3       java.util.Arrays::fill (21 bytes)
Event: 1.759 Thread 0x00000152409e7000 nmethod 2251 0x0000015224da6910 code [0x0000015224da6ac0, 0x0000015224da6c58]
Event: 1.759 Thread 0x00000152409e7000 2252       3       org.jetbrains.kotlin.com.intellij.util.containers.hash.LinkedHashMap$Entry::access$402 (7 bytes)
Event: 1.759 Thread 0x00000152409e7000 nmethod 2252 0x0000015224da6d90 code [0x0000015224da6f40, 0x0000015224da7078]
Event: 1.763 Thread 0x00000152409e7000 2254   !   3       java.nio.DirectLongBufferU::get (31 bytes)
Event: 1.763 Thread 0x00000152409e7000 nmethod 2254 0x0000015224da7190 code [0x0000015224da7360, 0x0000015224da7658]
Event: 1.764 Thread 0x00000152409e7000 2255       1       kotlin.Pair::component1 (5 bytes)
Event: 1.764 Thread 0x00000152409e7000 nmethod 2255 0x000001522bf76d10 code [0x000001522bf76ec0, 0x000001522bf76f78]
Event: 1.767 Thread 0x00000152409e6800 nmethod 2219 0x000001522bf77010 code [0x000001522bf77280, 0x000001522bf77f90]
Event: 1.767 Thread 0x00000152409e6800 2209       4       org.jetbrains.kotlin.com.intellij.openapi.vfs.impl.ZipHandlerBase::getOrCreate (235 bytes)
Event: 1.767 Thread 0x00000152409e7000 2256       3       kotlin.sequences.FlatteningSequence$iterator$1::ensureItemIterator (112 bytes)
Event: 1.767 Thread 0x00000152409e7000 nmethod 2256 0x0000015224da7890 code [0x0000015224da7ae0, 0x0000015224da84d8]
Event: 1.767 Thread 0x00000152409e7000 2257       1       org.jetbrains.kotlin.cli.jvm.compiler.KotlinCoreEnvironment::getProjectEnvironment (5 bytes)
Event: 1.767 Thread 0x00000152409e7000 nmethod 2257 0x000001522bf78a90 code [0x000001522bf78c40, 0x000001522bf78cf8]
Event: 1.767 Thread 0x00000152409e7000 2258       1       org.jetbrains.kotlin.cli.jvm.index.JavaRoot::getFile (5 bytes)
Event: 1.767 Thread 0x00000152409e7000 nmethod 2258 0x000001522bf78d90 code [0x000001522bf78f40, 0x000001522bf78ff8]
Event: 1.772 Thread 0x00000152409e7000 2259       3       sun.nio.cs.SingleByte$Decoder::decode (11 bytes)
Event: 1.772 Thread 0x00000152409e7000 nmethod 2259 0x0000015224da8710 code [0x0000015224da88c0, 0x0000015224da89f8]
Event: 1.786 Thread 0x00000152409e7000 2260       3       org.jetbrains.kotlin.com.intellij.util.text.ImmutableText$Leaf8BitNode::byteToChar (7 bytes)
Event: 1.786 Thread 0x00000152409e7000 nmethod 2260 0x0000015224da8b10 code [0x0000015224da8cc0, 0x0000015224da8db8]

GC Heap History (4 events):
Event: 0.494 GC heap before
{Heap before GC invocations=0 (full 0):
 garbage-first heap   total 262144K, used 27648K [0x0000000701c00000, 0x0000000800000000)
  region size 1024K, 24 young (24576K), 0 survivors (0K)
 Metaspace       used 12330K, capacity 12405K, committed 12544K, reserved 1060864K
  class space    used 1157K, capacity 1174K, committed 1280K, reserved 1048576K
}
Event: 0.497 GC heap after
{Heap after GC invocations=1 (full 0):
 garbage-first heap   total 262144K, used 5734K [0x0000000701c00000, 0x0000000800000000)
  region size 1024K, 3 young (3072K), 3 survivors (3072K)
 Metaspace       used 12330K, capacity 12405K, committed 12544K, reserved 1060864K
  class space    used 1157K, capacity 1174K, committed 1280K, reserved 1048576K
}
Event: 1.048 GC heap before
{Heap before GC invocations=1 (full 0):
 garbage-first heap   total 262144K, used 41574K [0x0000000701c00000, 0x0000000800000000)
  region size 1024K, 39 young (39936K), 3 survivors (3072K)
 Metaspace       used 20983K, capacity 21182K, committed 21248K, reserved 1069056K
  class space    used 2212K, capacity 2289K, committed 2304K, reserved 1048576K
}
Event: 1.058 GC heap after
{Heap after GC invocations=2 (full 0):
 garbage-first heap   total 262144K, used 9751K [0x0000000701c00000, 0x0000000800000000)
  region size 1024K, 7 young (7168K), 7 survivors (7168K)
 Metaspace       used 20983K, capacity 21182K, committed 21248K, reserved 1069056K
  class space    used 2212K, capacity 2289K, committed 2304K, reserved 1048576K
}

Deoptimization events (20 events):
Event: 1.594 Thread 0x000001521f12c800 Uncommon trap: trap_request=0xffffffde fr.pc=0x000001522bf38e84 relative=0x0000000000000064
Event: 1.594 Thread 0x000001521f12c800 Uncommon trap: reason=class_check action=maybe_recompile pc=0x000001522bf38e84 method=java.util.LinkedHashMap.afterNodeInsertion(Z)V @ 15 c2
Event: 1.594 Thread 0x000001521f12c800 DEOPT PACKING pc=0x000001522bf38e84 sp=0x00000040993fdd80
Event: 1.594 Thread 0x000001521f12c800 DEOPT UNPACKING pc=0x0000015224407b2f sp=0x00000040993fdcf8 mode 2
Event: 1.594 Thread 0x000001521f12c800 Uncommon trap: trap_request=0xffffffde fr.pc=0x000001522bf38e84 relative=0x0000000000000064
Event: 1.594 Thread 0x000001521f12c800 Uncommon trap: reason=class_check action=maybe_recompile pc=0x000001522bf38e84 method=java.util.LinkedHashMap.afterNodeInsertion(Z)V @ 15 c2
Event: 1.594 Thread 0x000001521f12c800 DEOPT PACKING pc=0x000001522bf38e84 sp=0x00000040993fdd80
Event: 1.594 Thread 0x000001521f12c800 DEOPT UNPACKING pc=0x0000015224407b2f sp=0x00000040993fdcf8 mode 2
Event: 1.771 Thread 0x000001521f12c800 Uncommon trap: trap_request=0xffffffde fr.pc=0x000001522bf744f4 relative=0x0000000000000274
Event: 1.771 Thread 0x000001521f12c800 Uncommon trap: reason=class_check action=maybe_recompile pc=0x000001522bf744f4 method=gnu.trove.TObjectHash.computeHashCode(Ljava/lang/Object;)I @ 5 c2
Event: 1.771 Thread 0x000001521f12c800 DEOPT PACKING pc=0x000001522bf744f4 sp=0x00000040993fe620
Event: 1.771 Thread 0x000001521f12c800 DEOPT UNPACKING pc=0x0000015224407b2f sp=0x00000040993fe4e8 mode 2
Event: 1.771 Thread 0x000001521f12c800 Uncommon trap: trap_request=0xffffffde fr.pc=0x000001522bf67f8c relative=0x000000000000006c
Event: 1.771 Thread 0x000001521f12c800 Uncommon trap: reason=class_check action=maybe_recompile pc=0x000001522bf67f8c method=gnu.trove.TObjectHash.equals(Ljava/lang/Object;Ljava/lang/Object;)Z @ 6 c2
Event: 1.771 Thread 0x000001521f12c800 DEOPT PACKING pc=0x000001522bf67f8c sp=0x00000040993fe530
Event: 1.771 Thread 0x000001521f12c800 DEOPT UNPACKING pc=0x0000015224407b2f sp=0x00000040993fe4c8 mode 2
Event: 1.771 Thread 0x000001521f12c800 Uncommon trap: trap_request=0xffffffde fr.pc=0x000001522bf67f8c relative=0x000000000000006c
Event: 1.771 Thread 0x000001521f12c800 Uncommon trap: reason=class_check action=maybe_recompile pc=0x000001522bf67f8c method=gnu.trove.TObjectHash.equals(Ljava/lang/Object;Ljava/lang/Object;)Z @ 6 c2
Event: 1.771 Thread 0x000001521f12c800 DEOPT PACKING pc=0x000001522bf67f8c sp=0x00000040993fe530
Event: 1.771 Thread 0x000001521f12c800 DEOPT UNPACKING pc=0x0000015224407b2f sp=0x00000040993fe4c8 mode 2

Classes redefined (0 events):
No events

Internal exceptions (18 events):
Event: 0.871 Thread 0x000001521f12c800 Exception <a 'java/lang/NoSuchMethodError'{0x0000000710473670}: 'int java.lang.invoke.DirectMethodHandle$Holder.invokeSpecialIFC(java.lang.Object, java.lang.Object, int)'> (0x0000000710473670) thrown at [./src/hotspot/share/interpreter/linkResolver.cpp, line 773]
Event: 1.011 Thread 0x000001521f12c800 Exception <a 'java/lang/NoSuchMethodError'{0x000000070f8c5418}: 'java.lang.Object java.lang.invoke.DirectMethodHandle$Holder.invokeStaticInit(java.lang.Object, int)'> (0x000000070f8c5418) thrown at [./src/hotspot/share/interpreter/linkResolver.cpp, line 773]
Event: 1.032 Thread 0x000001521f12c800 Exception <a 'java/lang/NoSuchMethodError'{0x000000070f6512f8}: 'long java.lang.invoke.DirectMethodHandle$Holder.invokeStatic(java.lang.Object)'> (0x000000070f6512f8) thrown at [./src/hotspot/share/interpreter/linkResolver.cpp, line 773]
Event: 1.032 Thread 0x000001521f12c800 Exception <a 'java/lang/NoSuchMethodError'{0x000000070f654150}: 'long java.lang.invoke.DirectMethodHandle$Holder.invokeStaticInit(java.lang.Object)'> (0x000000070f654150) thrown at [./src/hotspot/share/interpreter/linkResolver.cpp, line 773]
Event: 1.088 Thread 0x000001521f12c800 Exception <a 'java/lang/NoSuchMethodError'{0x00000007119c3308}: 'int java.lang.invoke.DirectMethodHandle$Holder.invokeStaticInit(java.lang.Object, java.lang.Object, java.lang.Object)'> (0x00000007119c3308) thrown at [./src/hotspot/share/interpreter/linkResolver.cpp, line 773]
Event: 1.093 Thread 0x000001521f12c800 Exception <a 'java/lang/NoSuchMethodError'{0x00000007119eed00}: 'int java.lang.invoke.DirectMethodHandle$Holder.invokeStaticInit(java.lang.Object, java.lang.Object)'> (0x00000007119eed00) thrown at [./src/hotspot/share/interpreter/linkResolver.cpp, line 773]
Event: 1.257 Thread 0x000001521f12c800 Exception <a 'java/lang/NoSuchMethodError'{0x0000000710fa4b88}: 'java.lang.Object java.lang.invoke.DirectMethodHandle$Holder.invokeStatic(java.lang.Object, java.lang.Object, java.lang.Object, java.lang.Object, java.lang.Object, java.lang.Object, java.lang.Object, java.lang.Object, java.lang.Object, java.lang.Object, java.lang.Object, java.lang.Object, java.lang.Object, java.lang.Object, java.lang.Object)'> (0x0000000710fa4b88) thrown at [./src/hotspot/share/interpreter/linkResolver.cpp, line 773]
Event: 1.258 Thread 0x000001521f12c800 Exception <a 'java/lang/NoSuchMethodError'{0x0000000710fb2b90}: 'java.lang.Object java.lang.invoke.DirectMethodHandle$Holder.invokeStatic(java.lang.Object, java.lang.Object, java.lang.Object, java.lang.Object, java.lang.Object, java.lang.Object, java.lang.Object, java.lang.Object, java.lang.Object, java.lang.Object, java.lang.Object, java.lang.Object, java.lang.Object, java.lang.Object, java.lang.Object, java.lang.Object)'> (0x0000000710fb2b90) thrown at [./src/hotspot/share/interpreter/linkResolver.cpp, l
Event: 1.259 Thread 0x000001521f12c800 Exception <a 'java/lang/NoSuchMethodError'{0x0000000710fc0aa8}: 'java.lang.Object java.lang.invoke.DirectMethodHandle$Holder.invokeSpecial(java.lang.Object, java.lang.Object, int, int, java.lang.Object, java.lang.Object, java.lang.Object)'> (0x0000000710fc0aa8) thrown at [./src/hotspot/share/interpreter/linkResolver.cpp, line 773]
Event: 1.259 Thread 0x000001521f12c800 Exception <a 'java/lang/NoSuchMethodError'{0x0000000710fc42e0}: 'java.lang.Object java.lang.invoke.DelegatingMethodHandle$Holder.reinvoke_L(java.lang.Object, int, int, java.lang.Object, java.lang.Object, java.lang.Object)'> (0x0000000710fc42e0) thrown at [./src/hotspot/share/interpreter/linkResolver.cpp, line 773]
Event: 1.260 Thread 0x000001521f12c800 Exception <a 'java/lang/NoSuchMethodError'{0x0000000710fc8668}: 'java.lang.Object java.lang.invoke.DirectMethodHandle$Holder.invokeStatic(java.lang.Object, java.lang.Object, java.lang.Object, java.lang.Object, int)'> (0x0000000710fc8668) thrown at [./src/hotspot/share/interpreter/linkResolver.cpp, line 773]
Event: 1.294 Thread 0x000001521f12c800 Implicit null exception at 0x000001522bf3ca2c to 0x000001522bf3cbda
Event: 1.323 Thread 0x000001521f12c800 Exception <a 'java/lang/NoSuchMethodError'{0x0000000710942210}: 'void java.lang.invoke.DirectMethodHandle$Holder.invokeStatic(java.lang.Object, java.lang.Object, java.lang.Object, java.lang.Object)'> (0x0000000710942210) thrown at [./src/hotspot/share/interpreter/linkResolver.cpp, line 773]
Event: 1.341 Thread 0x000001521f12c800 Exception <a 'java/lang/NoSuchMethodError'{0x0000000710890b70}: 'void java.lang.invoke.DirectMethodHandle$Holder.invokeSpecial(java.lang.Object, java.lang.Object)'> (0x0000000710890b70) thrown at [./src/hotspot/share/interpreter/linkResolver.cpp, line 773]
Event: 1.373 Thread 0x000001521f12c800 Exception <a 'java/lang/NoSuchMethodError'{0x0000000710539828}: 'void java.lang.invoke.DirectMethodHandle$Holder.invokeStaticInit(java.lang.Object, java.lang.Object)'> (0x0000000710539828) thrown at [./src/hotspot/share/interpreter/linkResolver.cpp, line 773]
Event: 1.381 Thread 0x000001521f12c800 Exception <a 'java/lang/NoSuchMethodError'{0x0000000710577c30}: 'void java.lang.invoke.DirectMethodHandle$Holder.invokeInterface(java.lang.Object, java.lang.Object)'> (0x0000000710577c30) thrown at [./src/hotspot/share/interpreter/linkResolver.cpp, line 773]
Event: 1.461 Thread 0x000001521f12c800 Exception <a 'java/lang/NoSuchMethodError'{0x0000000710081900}: 'void java.lang.invoke.DirectMethodHandle$Holder.invokeVirtual(java.lang.Object, java.lang.Object)'> (0x0000000710081900) thrown at [./src/hotspot/share/interpreter/linkResolver.cpp, line 773]
Event: 1.470 Thread 0x000001521f12c800 Exception <a 'java/lang/NoSuchMethodError'{0x00000007100f82a8}: 'int java.lang.invoke.DirectMethodHandle$Holder.invokeVirtual(java.lang.Object, java.lang.Object)'> (0x00000007100f82a8) thrown at [./src/hotspot/share/interpreter/linkResolver.cpp, line 773]

Events (20 events):
Event: 1.782 loading class java/beans/PropertyChangeListener
Event: 1.782 loading class java/beans/PropertyChangeListener done
Event: 1.782 loading class org/jetbrains/kotlin/com/intellij/openapi/editor/impl/DocumentImpl$1
Event: 1.782 loading class org/jetbrains/kotlin/com/intellij/openapi/editor/impl/DocumentImpl$1 done
Event: 1.783 loading class org/jetbrains/kotlin/com/intellij/util/text/ImmutableText$LeafNode
Event: 1.783 loading class org/jetbrains/kotlin/com/intellij/util/text/ImmutableText$LeafNode done
Event: 1.783 loading class org/jetbrains/kotlin/com/intellij/util/text/ImmutableText$Node
Event: 1.783 loading class org/jetbrains/kotlin/com/intellij/util/text/ImmutableText$Node done
Event: 1.783 loading class org/jetbrains/kotlin/com/intellij/util/text/ImmutableText$Leaf8BitNode
Event: 1.783 loading class org/jetbrains/kotlin/com/intellij/util/text/ImmutableText$Leaf8BitNode done
Event: 1.784 loading class org/jetbrains/kotlin/com/intellij/util/text/ImmutableText$WideLeafNode
Event: 1.784 loading class org/jetbrains/kotlin/com/intellij/util/text/ImmutableText$WideLeafNode done
Event: 1.784 loading class org/jetbrains/kotlin/com/intellij/util/text/ImmutableText$CompositeNode
Event: 1.784 loading class org/jetbrains/kotlin/com/intellij/util/text/ImmutableText$CompositeNode done
Event: 1.785 loading class org/jetbrains/kotlin/com/intellij/openapi/editor/impl/FrozenDocument
Event: 1.785 loading class org/jetbrains/kotlin/com/intellij/openapi/editor/impl/FrozenDocument done
Event: 1.785 loading class org/jetbrains/kotlin/com/intellij/injected/editor/DocumentWindow
Event: 1.785 loading class org/jetbrains/kotlin/com/intellij/injected/editor/DocumentWindow done
Event: 1.786 loading class org/jetbrains/kotlin/com/intellij/util/text/StringFactory
Event: 1.786 loading class org/jetbrains/kotlin/com/intellij/util/text/StringFactory done


Dynamic libraries:
0x00007ff6f5e50000 - 0x00007ff6f5e5a000 	C:\Program Files\Android\Android Studio\jre\bin\java.exe
0x00007ff9e70b0000 - 0x00007ff9e72a5000 	C:\WINDOWS\SYSTEM32\ntdll.dll
0x00007ff9e5700000 - 0x00007ff9e57bd000 	C:\WINDOWS\System32\KERNEL32.DLL
0x00007ff9e4ab0000 - 0x00007ff9e4d79000 	C:\WINDOWS\System32\KERNELBASE.dll
0x00007ff9e5010000 - 0x00007ff9e5110000 	C:\WINDOWS\System32\ucrtbase.dll
0x00007ff9dff60000 - 0x00007ff9dff79000 	C:\Program Files\Android\Android Studio\jre\bin\jli.dll
0x00007ff9cc0a0000 - 0x00007ff9cc0b7000 	C:\Program Files\Android\Android Studio\jre\bin\VCRUNTIME140.dll
0x00007ff9e5240000 - 0x00007ff9e53e0000 	C:\WINDOWS\System32\USER32.dll
0x00007ff9e4970000 - 0x00007ff9e4992000 	C:\WINDOWS\System32\win32u.dll
0x00007ff9d0c10000 - 0x00007ff9d0eaa000 	C:\WINDOWS\WinSxS\amd64_microsoft.windows.common-controls_6595b64144ccf1df_6.0.19041.1110_none_60b5254171f9507e\COMCTL32.dll
0x00007ff9e53e0000 - 0x00007ff9e547e000 	C:\WINDOWS\System32\msvcrt.dll
0x00007ff9e5540000 - 0x00007ff9e556a000 	C:\WINDOWS\System32\GDI32.dll
0x00007ff9e49a0000 - 0x00007ff9e4aab000 	C:\WINDOWS\System32\gdi32full.dll
0x00007ff9e4d80000 - 0x00007ff9e4e1d000 	C:\WINDOWS\System32\msvcp_win.dll
0x00007ff9e5670000 - 0x00007ff9e56a0000 	C:\WINDOWS\System32\IMM32.DLL
0x00007ff9c9860000 - 0x00007ff9c98fd000 	C:\Program Files\Android\Android Studio\jre\bin\msvcp140.dll
0x00007ff9896f0000 - 0x00007ff98a1bf000 	C:\Program Files\Android\Android Studio\jre\bin\server\jvm.dll
0x00007ff9e68e0000 - 0x00007ff9e698c000 	C:\WINDOWS\System32\ADVAPI32.dll
0x00007ff9e5570000 - 0x00007ff9e560b000 	C:\WINDOWS\System32\sechost.dll
0x00007ff9e5110000 - 0x00007ff9e523a000 	C:\WINDOWS\System32\RPCRT4.dll
0x00007ff9e58f0000 - 0x00007ff9e58f8000 	C:\WINDOWS\System32\PSAPI.DLL
0x00007ff9cf850000 - 0x00007ff9cf859000 	C:\WINDOWS\SYSTEM32\WSOCK32.dll
0x00007ff9dd860000 - 0x00007ff9dd86a000 	C:\WINDOWS\SYSTEM32\VERSION.dll
0x00007ff9d10b0000 - 0x00007ff9d10d7000 	C:\WINDOWS\SYSTEM32\WINMM.dll
0x00007ff9e5870000 - 0x00007ff9e58db000 	C:\WINDOWS\System32\WS2_32.dll
0x00007ff9e3080000 - 0x00007ff9e3092000 	C:\WINDOWS\SYSTEM32\kernel.appcore.dll
0x00007ff9cc080000 - 0x00007ff9cc091000 	C:\Program Files\Android\Android Studio\jre\bin\verify.dll
0x00007ff9e2d00000 - 0x00007ff9e2ee4000 	C:\WINDOWS\SYSTEM32\DBGHELP.DLL
0x00007ff9cd1d0000 - 0x00007ff9cd1fc000 	C:\WINDOWS\SYSTEM32\dbgcore.DLL
0x00007ff9e4f80000 - 0x00007ff9e5003000 	C:\WINDOWS\System32\bcryptPrimitives.dll
0x00007ff9cc050000 - 0x00007ff9cc079000 	C:\Program Files\Android\Android Studio\jre\bin\java.dll
0x00007ff9ccaf0000 - 0x00007ff9ccafb000 	C:\Program Files\Android\Android Studio\jre\bin\jimage.dll
0x00007ff9cc030000 - 0x00007ff9cc048000 	C:\Program Files\Android\Android Studio\jre\bin\zip.dll
0x00007ff9e61a0000 - 0x00007ff9e68df000 	C:\WINDOWS\System32\SHELL32.dll
0x00007ff9e24a0000 - 0x00007ff9e2c30000 	C:\WINDOWS\SYSTEM32\windows.storage.dll
0x00007ff9e5e40000 - 0x00007ff9e6195000 	C:\WINDOWS\System32\combase.dll
0x00007ff9e4240000 - 0x00007ff9e426c000 	C:\WINDOWS\SYSTEM32\Wldp.dll
0x00007ff9e57c0000 - 0x00007ff9e586e000 	C:\WINDOWS\System32\SHCORE.dll
0x00007ff9e5480000 - 0x00007ff9e54d5000 	C:\WINDOWS\System32\shlwapi.dll
0x00007ff9e4720000 - 0x00007ff9e473f000 	C:\WINDOWS\SYSTEM32\profapi.dll
0x00007ff9c9bc0000 - 0x00007ff9c9bda000 	C:\Program Files\Android\Android Studio\jre\bin\net.dll
0x00007ff9d3060000 - 0x00007ff9d3168000 	C:\WINDOWS\SYSTEM32\WINHTTP.dll
0x00007ff9e3f60000 - 0x00007ff9e3fca000 	C:\WINDOWS\system32\mswsock.dll
0x00007ff9c9610000 - 0x00007ff9c9624000 	C:\Program Files\Android\Android Studio\jre\bin\nio.dll

dbghelp: loaded successfully - version: 4.0.5 - missing functions: none
symbol engine: initialized successfully - sym options: 0x614 - pdb path: .;C:\Program Files\Android\Android Studio\jre\bin;C:\WINDOWS\SYSTEM32;C:\WINDOWS\WinSxS\amd64_microsoft.windows.common-controls_6595b64144ccf1df_6.0.19041.1110_none_60b5254171f9507e;C:\Program Files\Android\Android Studio\jre\bin\server

VM Arguments:
java_command: org.jetbrains.kotlin.cli.jvm.K2JVMCompiler @K:\AndroidProjeler\IbTechBootcampHm3\app\build\20210914_9735140883711950957.compiler.options
java_class_path (initial): C:\Users\ASUS\.gradle\caches\modules-2\files-2.1\org.jetbrains.kotlin\kotlin-compiler-embeddable\1.5.30\3362a354066df1578a057c200da23cf2a1d8144f\kotlin-compiler-embeddable-1.5.30.jar;C:\Users\ASUS\.gradle\caches\modules-2\files-2.1\org.jetbrains.kotlin\kotlin-reflect\1.5.30\6773e974437dd6432aa646cc2f8ab71de42b5773\kotlin-reflect-1.5.30.jar;C:\Users\ASUS\.gradle\caches\modules-2\files-2.1\org.jetbrains.kotlin\kotlin-stdlib\1.5.30\d68efdea04955974ac1020f8f66ef8176bfbce1f\kotlin-stdlib-1.5.30.jar;C:\Users\ASUS\.gradle\caches\modules-2\files-2.1\org.jetbrains.kotlin\kotlin-script-runtime\1.5.30\10697ab20bfd2f1b23baa91306950c36c4e89a8d\kotlin-script-runtime-1.5.30.jar;C:\Users\ASUS\.gradle\caches\modules-2\files-2.1\org.jetbrains.kotlin\kotlin-daemon-embeddable\1.5.30\e355dc9011e559a475608265607948109e113ae0\kotlin-daemon-embeddable-1.5.30.jar;C:\Users\ASUS\.gradle\caches\modules-2\files-2.1\org.jetbrains.intellij.deps\trove4j\1.0.20181211\216c2e14b070f334479d800987affe4054cd563f\trove4j-1.0.20181211.jar;C:\Users\ASUS\.gradle\caches\modules-2\files-2.1\org.jetbrains\annotations\13.0\919f0dfe192fb4e063e7dacadee7f8bb9a2672a9\annotations-13.0.jar;C:\Users\ASUS\.gradle\caches\modules-2\files-2.1\org.jetbrains.kotlin\kotlin-stdlib-common\1.5.30\649ffab7767038323fec0cc41e2d7b0a8f65a378\kotlin-stdlib-common-1.5.30.jar
Launcher Type: SUN_STANDARD

[Global flags]
     intx CICompilerCount                          = 4                                         {product} {ergonomic}
     uint ConcGCThreads                            = 2                                         {product} {ergonomic}
     uint G1ConcRefinementThreads                  = 8                                         {product} {ergonomic}
   size_t G1HeapRegionSize                         = 1048576                                   {product} {ergonomic}
    uintx GCDrainStackTargetSize                   = 64                                        {product} {ergonomic}
   size_t InitialHeapSize                          = 268435456                                 {product} {ergonomic}
   size_t MarkStackSize                            = 4194304                                   {product} {ergonomic}
   size_t MaxHeapSize                              = 4265607168                                {product} {ergonomic}
   size_t MaxNewSize                               = 2558525440                                {product} {ergonomic}
   size_t MinHeapDeltaBytes                        = 1048576                                   {product} {ergonomic}
    uintx NonNMethodCodeHeapSize                   = 5836300                                {pd product} {ergonomic}
    uintx NonProfiledCodeHeapSize                  = 122910970                              {pd product} {ergonomic}
    uintx ProfiledCodeHeapSize                     = 122910970                              {pd product} {ergonomic}
    uintx ReservedCodeCacheSize                    = 251658240                              {pd product} {ergonomic}
     bool SegmentedCodeCache                       = true                                      {product} {ergonomic}
     bool UseCompressedClassPointers               = true                                 {lp64_product} {ergonomic}
     bool UseCompressedOops                        = true                                 {lp64_product} {ergonomic}
     bool UseG1GC                                  = true                                      {product} {ergonomic}
     bool UseLargePagesIndividualAllocation        = false                                  {pd product} {ergonomic}

Logging:
Log output configuration:
 #0: stdout all=warning uptime,level,tags
 #1: stderr all=off uptime,level,tags

Environment Variables:
JAVA_HOME= C:\Program Files\Java\jdk-15.0.2\bin\java.exe
CLASSPATH=.;
PATH=C:\Program Files\Python38\Scripts\;C:\Program Files\Python38\;C:\Program Files\Common Files\Oracle\Java\javapath;C:\Program Files (x86)\Intel\iCLS Client\;C:\Program Files\Intel\iCLS Client\;C:\Windows\system32;C:\Windows;C:\Windows\System32\Wbem;C:\Windows\System32\WindowsPowerShell\v1.0\;C:\Program Files (x86)\NVIDIA Corporation\PhysX\Common;C:\Program Files (x86)\Intel\Intel(R) Management Engine Components\DAL;C:\Program Files\Intel\Intel(R) Management Engine Components\DAL;C:\Program Files (x86)\Intel\Intel(R) Management Engine Components\IPT;C:\Program Files\Intel\Intel(R) Management Engine Components\IPT;C:\WINDOWS\system32;C:\WINDOWS;C:\WINDOWS\System32\Wbem;C:\WINDOWS\System32\WindowsPowerShell\v1.0\;C:\WINDOWS\System32\OpenSSH\;C:\Program Files\Intel\WiFi\bin\;C:\Program Files\Common Files\Intel\WirelessCommon\;C:\Program Files\NVIDIA Corporation\NVIDIA NvDLISR;C:\ProgramData\chocolatey\bin;C:\Program Files\Git\cmd;C:\Program Files\nodejs\;;C:\WINDOWS\system32;C:\WINDOWS;C:\WINDOWS\System32\Wbem;C:\WINDOWS\System32\WindowsPowerShell\v1.0\;C:\WINDOWS\System32\OpenSSH\;C:\Users\ASUS\AppData\Local\Microsoft\WindowsApps;C:\Program Files\JetBrains\IntelliJ IDEA Community Edition 2019.3.1\bin;C:\src\flutter\bin;C:\Users\ASUS\AppData\Local\Programs\Microsoft VS Code\bin;C:\Users\ASUS\AppData\Roaming\npm;C:\Users\ASUS\AppData\Local\Microsoft\WindowsApps;C:\Users\ASUS\AppData\Local\GitHubDesktop\bin;C:\Program Files\JetBrains\PyCharm Edu 2021.1.1\bin;
USERNAME=ASUS
OS=Windows_NT
PROCESSOR_IDENTIFIER=Intel64 Family 6 Model 158 Stepping 9, GenuineIntel



---------------  S Y S T E M  ---------------

OS: Windows 10 , 64 bit Build 19041 (10.0.19041.1151)
OS uptime: 0 days 17:30 hours
Hyper-V role detected

CPU:total 8 (initial active 8) (4 cores per cpu, 2 threads per core) family 6 model 158 stepping 9 microcode 0xb4, cmov, cx8, fxsr, mmx, sse, sse2, sse3, ssse3, sse4.1, sse4.2, popcnt, avx, avx2, aes, clmul, erms, 3dnowpref, lzcnt, ht, tsc, tscinvbit, bmi1, bmi2, adx, fma

Memory: 4k page, system-wide physical 16268M (2683M free)
TotalPageFile size 16268M (AvailPageFile size 12M)
current process WorkingSet (physical memory assigned to process): 200M, peak: 207M
current process commit charge ("private bytes"): 427M, peak: 436M

vm_info: OpenJDK 64-Bit Server VM (11.0.10+0-b96-7249189) for windows-amd64 JRE (11.0.10+0-b96-7249189), built on Mar 31 2021 21:44:00 by "builder" with MS VC++ 14.0 (VS2015)

END.
