#
# There is insufficient memory for the Java Runtime Environment to continue.
# Native memory allocation (mmap) failed to map 54525952 bytes for Failed to commit area from 0x0000000711c00000 to 0x0000000715000000 of length 54525952.
# Possible reasons:
#   The system is out of physical RAM or swap space
#   The process is running with CompressedOops enabled, and the Java Heap may be blocking the growth of the native heap
# Possible solutions:
#   Reduce memory load on the system
#   Increase physical memory or swap space
#   Check if swap backing store is full
#   Decrease Java heap size (-Xmx/-Xms)
#   Decrease number of Java threads
#   Decrease Java thread stack sizes (-Xss)
#   Set larger code cache with -XX:ReservedCodeCacheSize=
#   JVM is running with Zero Based Compressed Oops mode in which the Java heap is
#     placed in the first 32GB address space. The Java Heap base address is the
#     maximum limit for the native heap growth. Please use -XX:HeapBaseMinAddress
#     to set the Java Heap base and to place the Java Heap above 32GB virtual address.
# This output file may be truncated or incomplete.
#
#  Out of Memory Error (./src/hotspot/os/windows/os_windows.cpp:3301), pid=7612, tid=12548
#
# JRE version: OpenJDK Runtime Environment (11.0.10) (build 11.0.10+0-b96-7249189)
# Java VM: OpenJDK 64-Bit Server VM (11.0.10+0-b96-7249189, mixed mode, tiered, compressed oops, g1 gc, windows-amd64)
# No core dump will be written. Minidumps are not enabled by default on client versions of Windows
#

---------------  S U M M A R Y ------------

Command Line: org.jetbrains.kotlin.cli.jvm.K2JVMCompiler @K:\AndroidProjeler\IbTechBootcampHm3\app\build\20210914_17850682099617145203.compiler.options

Host: Intel(R) Core(TM) i7-7700HQ CPU @ 2.80GHz, 8 cores, 15G,  Windows 10 , 64 bit Build 19041 (10.0.19041.1151)
Time: Tue Sep 14 08:17:28 2021 Türkiye Standart Saati elapsed time: 2.041089 seconds (0d 0h 0m 2s)

---------------  T H R E A D  ---------------

Current thread (0x000002175a046000):  VMThread "VM Thread" [stack: 0x0000007837300000,0x0000007837400000] [id=12548]

Stack: [0x0000007837300000,0x0000007837400000]
[error occurred during error reporting (printing stack bounds), id 0xc0000005, EXCEPTION_ACCESS_VIOLATION (0xc0000005) at pc=0x000002173e350f2d]

Native frames: (J=compiled Java code, j=interpreted, Vv=VM code, C=native code)
V  [jvm.dll+0x5ecfaa]
V  [jvm.dll+0x722bd5]
V  [jvm.dll+0x72412d]
V  [jvm.dll+0x724745]
V  [jvm.dll+0x7246fb]
V  [jvm.dll+0x5ec348]
V  [jvm.dll+0x5ecad8]
C  [ntdll.dll+0xa217f]
C  [ntdll.dll+0x51454]
C  [ntdll.dll+0xa0cae]
C  0x000002173e350f2d

VM_Operation (0x0000007836dfd0b0): CollectForMetadataAllocation, mode: safepoint, requested by thread 0x000002173908c000


---------------  P R O C E S S  ---------------

Threads class SMR info:
_java_thread_list=0x000002175aabb600, length=12, elements={
0x000002173908c000, 0x000002175a914800, 0x000002175a91d800, 0x000002175a05e000,
0x000002175a05f000, 0x000002175a060800, 0x000002175a967800, 0x000002175a973800,
0x000002175a985000, 0x000002175aac1000, 0x000002175aabd800, 0x000002175ab24800
}

Java Threads: ( => current thread )
  0x000002173908c000 JavaThread "main" [_thread_blocked, id=2220, stack(0x0000007836d00000,0x0000007836e00000)]
  0x000002175a914800 JavaThread "Reference Handler" daemon [_thread_blocked, id=2128, stack(0x0000007837400000,0x0000007837500000)]
  0x000002175a91d800 JavaThread "Finalizer" daemon [_thread_blocked, id=3004, stack(0x0000007837500000,0x0000007837600000)]
  0x000002175a05e000 JavaThread "Signal Dispatcher" daemon [_thread_blocked, id=6152, stack(0x0000007837600000,0x0000007837700000)]
  0x000002175a05f000 JavaThread "Attach Listener" daemon [_thread_blocked, id=12032, stack(0x0000007837700000,0x0000007837800000)]
  0x000002175a060800 JavaThread "Service Thread" daemon [_thread_blocked, id=9336, stack(0x0000007837800000,0x0000007837900000)]
  0x000002175a967800 JavaThread "C2 CompilerThread0" daemon [_thread_blocked, id=8900, stack(0x0000007837900000,0x0000007837a00000)]
  0x000002175a973800 JavaThread "C1 CompilerThread0" daemon [_thread_blocked, id=13712, stack(0x0000007837a00000,0x0000007837b00000)]
  0x000002175a985000 JavaThread "Sweeper thread" daemon [_thread_blocked, id=1764, stack(0x0000007837b00000,0x0000007837c00000)]
  0x000002175aac1000 JavaThread "Common-Cleaner" daemon [_thread_blocked, id=9660, stack(0x0000007837d00000,0x0000007837e00000)]
  0x000002175aabd800 JavaThread "C2 CompilerThread1" daemon [_thread_blocked, id=14432, stack(0x0000007837e00000,0x0000007837f00000)]
  0x000002175ab24800 JavaThread "C2 CompilerThread2" daemon [_thread_blocked, id=13440, stack(0x0000007837f00000,0x0000007838000000)]

Other Threads:
=>0x000002175a046000 VMThread "VM Thread" [stack: 0x0000007837300000,0x0000007837400000] [id=12548]
  0x000002175aab8800 WatcherThread [stack: 0x0000007837c00000,0x0000007837d00000] [id=9080]
  0x00000217390a3800 GCTaskThread "GC Thread#0" [stack: 0x0000007836e00000,0x0000007836f00000] [id=11628]
  0x000002175b111000 GCTaskThread "GC Thread#1" [stack: 0x0000007838000000,0x0000007838100000] [id=8240]
  0x000002175b1e2000 GCTaskThread "GC Thread#2" [stack: 0x0000007838100000,0x0000007838200000] [id=14364]
  0x000002175b1e2800 GCTaskThread "GC Thread#3" [stack: 0x0000007838200000,0x0000007838300000] [id=14444]
  0x000002175b1e3800 GCTaskThread "GC Thread#4" [stack: 0x0000007838300000,0x0000007838400000] [id=7192]
  0x000002175b1e5000 GCTaskThread "GC Thread#5" [stack: 0x0000007838400000,0x0000007838500000] [id=764]
  0x0000021739100000 ConcurrentGCThread "G1 Main Marker" [stack: 0x0000007836f00000,0x0000007837000000] [id=8584]
  0x0000021739101800 ConcurrentGCThread "G1 Conc#0" [stack: 0x0000007837000000,0x0000007837100000] [id=14192]
  0x000002175bb94800 ConcurrentGCThread "G1 Conc#1" [stack: 0x0000007838500000,0x0000007838600000] [id=11048]
  0x0000021759f2b800 ConcurrentGCThread "G1 Refine#0" [stack: 0x0000007837100000,0x0000007837200000] [id=2144]
  0x000002175b349800 ConcurrentGCThread "G1 Refine#1" [stack: 0x0000007838600000,0x0000007838700000] [id=14540]
  0x000002175bd8e000 ConcurrentGCThread "G1 Refine#2" [stack: 0x0000007838700000,0x0000007838800000] [id=3428]
  0x0000021759f2c800 ConcurrentGCThread "G1 Young RemSet Sampling" [stack: 0x0000007837200000,0x0000007837300000] [id=12048]

Threads with active compile tasks:

VM state:at safepoint (normal execution)

VM Mutex/Monitor currently owned by a thread:  ([mutex/lock_event])
[0x0000021739089670] Threads_lock - owner thread: 0x000002175a046000
[0x00000217390898b0] Heap_lock - owner thread: 0x000002173908c000

Heap address: 0x0000000701c00000, size: 4068 MB, Compressed Oops mode: Zero based, Oop shift amount: 3
Narrow klass base: 0x0000000800000000, Narrow klass shift: 0
Compressed class space size: 1073741824 Address: 0x0000000800000000

Heap:
 garbage-first heap   total 315392K, used 25020K [0x0000000701c00000, 0x0000000800000000)
  region size 1024K, 2 young (2048K), 2 survivors (2048K)
 Metaspace       used 35199K, capacity 35692K, committed 35840K, reserved 1081344K
  class space    used 4334K, capacity 4520K, committed 4608K, reserved 1048576K
Heap Regions: E=young(eden), S=young(survivor), O=old, HS=humongous(starts), HC=humongous(continues), CS=collection set, F=free, A=archive, TAMS=top-at-mark-start (previous, next)
|   0|0x0000000701c00000, 0x0000000701d00000, 0x0000000701d00000|100%|HS|  |TAMS 0x0000000701d00000, 0x0000000701d00000| Complete 
|   1|0x0000000701d00000, 0x0000000701e00000, 0x0000000701e00000|100%|HC|  |TAMS 0x0000000701e00000, 0x0000000701e00000| Complete 
|   2|0x0000000701e00000, 0x0000000701f00000, 0x0000000701f00000|100%|HC|  |TAMS 0x0000000701f00000, 0x0000000701f00000| Complete 
|   3|0x0000000701f00000, 0x0000000702000000, 0x0000000702000000|100%|HS|  |TAMS 0x0000000701f00000, 0x0000000702000000| Complete 
|   4|0x0000000702000000, 0x0000000702100000, 0x0000000702100000|100%|HC|  |TAMS 0x0000000702000000, 0x0000000702100000| Complete 
|   5|0x0000000702100000, 0x0000000702200000, 0x0000000702200000|100%|HC|  |TAMS 0x0000000702100000, 0x0000000702200000| Complete 
|   6|0x0000000702200000, 0x0000000702300000, 0x0000000702300000|100%|HS|  |TAMS 0x0000000702200000, 0x0000000702300000| Complete 
|   7|0x0000000702300000, 0x0000000702400000, 0x0000000702400000|100%|HC|  |TAMS 0x0000000702300000, 0x0000000702400000| Complete 
|   8|0x0000000702400000, 0x0000000702500000, 0x0000000702500000|100%|HC|  |TAMS 0x0000000702400000, 0x0000000702500000| Complete 
|   9|0x0000000702500000, 0x0000000702600000, 0x0000000702600000|100%| O|  |TAMS 0x0000000702500000, 0x0000000702600000| Untracked 
|  10|0x0000000702600000, 0x0000000702700000, 0x0000000702700000|100%| O|  |TAMS 0x0000000702600000, 0x0000000702700000| Untracked 
|  11|0x0000000702700000, 0x0000000702800000, 0x0000000702800000|100%| O|  |TAMS 0x0000000702700000, 0x0000000702800000| Untracked 
|  12|0x0000000702800000, 0x0000000702900000, 0x0000000702900000|100%| O|  |TAMS 0x0000000702800000, 0x0000000702900000| Untracked 
|  13|0x0000000702900000, 0x0000000702a00000, 0x0000000702a00000|100%|HS|  |TAMS 0x0000000702900000, 0x0000000702a00000| Complete 
|  14|0x0000000702a00000, 0x0000000702b00000, 0x0000000702b00000|100%|HC|  |TAMS 0x0000000702a00000, 0x0000000702b00000| Complete 
|  15|0x0000000702b00000, 0x0000000702c00000, 0x0000000702c00000|100%| O|  |TAMS 0x0000000702b00000, 0x0000000702c00000| Untracked 
|  16|0x0000000702c00000, 0x0000000702d00000, 0x0000000702d00000|100%| O|  |TAMS 0x0000000702c00000, 0x0000000702d00000| Untracked 
|  17|0x0000000702d00000, 0x0000000702e00000, 0x0000000702e00000|100%| O|  |TAMS 0x0000000702d00000, 0x0000000702e00000| Untracked 
|  18|0x0000000702e00000, 0x0000000702f00000, 0x0000000702f00000|100%| O|  |TAMS 0x0000000702e00000, 0x0000000702f00000| Untracked 
|  19|0x0000000702f00000, 0x0000000703000000, 0x0000000703000000|100%| O|  |TAMS 0x0000000702f00000, 0x0000000703000000| Untracked 
|  20|0x0000000703000000, 0x0000000703100000, 0x0000000703100000|100%| O|  |TAMS 0x0000000703000000, 0x0000000703100000| Untracked 
|  21|0x0000000703100000, 0x0000000703200000, 0x0000000703200000|100%| O|  |TAMS 0x0000000703100000, 0x0000000703200000| Untracked 
|  22|0x0000000703200000, 0x0000000703300000, 0x0000000703300000|100%| O|  |TAMS 0x0000000703200000, 0x0000000703300000| Untracked 
|  23|0x0000000703300000, 0x000000070335fa00, 0x0000000703400000| 37%| O|  |TAMS 0x0000000703300000, 0x000000070335fa00| Untracked 
|  24|0x0000000703400000, 0x0000000703400000, 0x0000000703500000|  0%| F|  |TAMS 0x0000000703400000, 0x0000000703400000| Untracked 
|  25|0x0000000703500000, 0x0000000703500000, 0x0000000703600000|  0%| F|  |TAMS 0x0000000703500000, 0x0000000703500000| Untracked 
|  26|0x0000000703600000, 0x0000000703600000, 0x0000000703700000|  0%| F|  |TAMS 0x0000000703600000, 0x0000000703600000| Untracked 
|  27|0x0000000703700000, 0x0000000703700000, 0x0000000703800000|  0%| F|  |TAMS 0x0000000703700000, 0x0000000703700000| Untracked 
|  28|0x0000000703800000, 0x0000000703800000, 0x0000000703900000|  0%| F|  |TAMS 0x0000000703800000, 0x0000000703800000| Untracked 
|  29|0x0000000703900000, 0x0000000703900000, 0x0000000703a00000|  0%| F|  |TAMS 0x0000000703900000, 0x0000000703900000| Untracked 
|  30|0x0000000703a00000, 0x0000000703a00000, 0x0000000703b00000|  0%| F|  |TAMS 0x0000000703a00000, 0x0000000703a00000| Untracked 
|  31|0x0000000703b00000, 0x0000000703b00000, 0x0000000703c00000|  0%| F|  |TAMS 0x0000000703b00000, 0x0000000703b00000| Untracked 
|  32|0x0000000703c00000, 0x0000000703c00000, 0x0000000703d00000|  0%| F|  |TAMS 0x0000000703c00000, 0x0000000703c00000| Untracked 
|  33|0x0000000703d00000, 0x0000000703d00000, 0x0000000703e00000|  0%| F|  |TAMS 0x0000000703d00000, 0x0000000703d00000| Untracked 
|  34|0x0000000703e00000, 0x0000000703e00000, 0x0000000703f00000|  0%| F|  |TAMS 0x0000000703e00000, 0x0000000703e00000| Untracked 
|  35|0x0000000703f00000, 0x0000000703f00000, 0x0000000704000000|  0%| F|  |TAMS 0x0000000703f00000, 0x0000000703f00000| Untracked 
|  36|0x0000000704000000, 0x0000000704000000, 0x0000000704100000|  0%| F|  |TAMS 0x0000000704000000, 0x0000000704000000| Untracked 
|  37|0x0000000704100000, 0x0000000704100000, 0x0000000704200000|  0%| F|  |TAMS 0x0000000704100000, 0x0000000704100000| Untracked 
|  38|0x0000000704200000, 0x0000000704200000, 0x0000000704300000|  0%| F|  |TAMS 0x0000000704200000, 0x0000000704200000| Untracked 
|  39|0x0000000704300000, 0x0000000704300000, 0x0000000704400000|  0%| F|  |TAMS 0x0000000704300000, 0x0000000704300000| Untracked 
|  40|0x0000000704400000, 0x0000000704400000, 0x0000000704500000|  0%| F|  |TAMS 0x0000000704400000, 0x0000000704400000| Untracked 
|  41|0x0000000704500000, 0x0000000704500000, 0x0000000704600000|  0%| F|  |TAMS 0x0000000704500000, 0x0000000704500000| Untracked 
|  42|0x0000000704600000, 0x0000000704600000, 0x0000000704700000|  0%| F|  |TAMS 0x0000000704600000, 0x0000000704600000| Untracked 
|  43|0x0000000704700000, 0x0000000704700000, 0x0000000704800000|  0%| F|  |TAMS 0x0000000704700000, 0x0000000704700000| Untracked 
|  44|0x0000000704800000, 0x0000000704800000, 0x0000000704900000|  0%| F|  |TAMS 0x0000000704800000, 0x0000000704800000| Untracked 
|  45|0x0000000704900000, 0x0000000704900000, 0x0000000704a00000|  0%| F|  |TAMS 0x0000000704900000, 0x0000000704900000| Untracked 
|  46|0x0000000704a00000, 0x0000000704a00000, 0x0000000704b00000|  0%| F|  |TAMS 0x0000000704a00000, 0x0000000704a00000| Untracked 
|  47|0x0000000704b00000, 0x0000000704b00000, 0x0000000704c00000|  0%| F|  |TAMS 0x0000000704b00000, 0x0000000704b00000| Untracked 
|  48|0x0000000704c00000, 0x0000000704c00000, 0x0000000704d00000|  0%| F|  |TAMS 0x0000000704c00000, 0x0000000704c00000| Untracked 
|  49|0x0000000704d00000, 0x0000000704d00000, 0x0000000704e00000|  0%| F|  |TAMS 0x0000000704d00000, 0x0000000704d00000| Untracked 
|  50|0x0000000704e00000, 0x0000000704e00000, 0x0000000704f00000|  0%| F|  |TAMS 0x0000000704e00000, 0x0000000704e00000| Untracked 
|  51|0x0000000704f00000, 0x0000000704f00000, 0x0000000705000000|  0%| F|  |TAMS 0x0000000704f00000, 0x0000000704f00000| Untracked 
|  52|0x0000000705000000, 0x0000000705000000, 0x0000000705100000|  0%| F|  |TAMS 0x0000000705000000, 0x0000000705000000| Untracked 
|  53|0x0000000705100000, 0x0000000705100000, 0x0000000705200000|  0%| F|  |TAMS 0x0000000705100000, 0x0000000705100000| Untracked 
|  54|0x0000000705200000, 0x0000000705200000, 0x0000000705300000|  0%| F|  |TAMS 0x0000000705200000, 0x0000000705200000| Untracked 
|  55|0x0000000705300000, 0x0000000705300000, 0x0000000705400000|  0%| F|  |TAMS 0x0000000705300000, 0x0000000705300000| Untracked 
|  56|0x0000000705400000, 0x0000000705400000, 0x0000000705500000|  0%| F|  |TAMS 0x0000000705400000, 0x0000000705400000| Untracked 
|  57|0x0000000705500000, 0x0000000705500000, 0x0000000705600000|  0%| F|  |TAMS 0x0000000705500000, 0x0000000705500000| Untracked 
|  58|0x0000000705600000, 0x0000000705600000, 0x0000000705700000|  0%| F|  |TAMS 0x0000000705600000, 0x0000000705600000| Untracked 
|  59|0x0000000705700000, 0x0000000705700000, 0x0000000705800000|  0%| F|  |TAMS 0x0000000705700000, 0x0000000705700000| Untracked 
|  60|0x0000000705800000, 0x0000000705800000, 0x0000000705900000|  0%| F|  |TAMS 0x0000000705800000, 0x0000000705800000| Untracked 
|  61|0x0000000705900000, 0x0000000705900000, 0x0000000705a00000|  0%| F|  |TAMS 0x0000000705900000, 0x0000000705900000| Untracked 
|  62|0x0000000705a00000, 0x0000000705a00000, 0x0000000705b00000|  0%| F|  |TAMS 0x0000000705a00000, 0x0000000705a00000| Untracked 
|  63|0x0000000705b00000, 0x0000000705b00000, 0x0000000705c00000|  0%| F|  |TAMS 0x0000000705b00000, 0x0000000705b00000| Untracked 
|  64|0x0000000705c00000, 0x0000000705c00000, 0x0000000705d00000|  0%| F|  |TAMS 0x0000000705c00000, 0x0000000705c00000| Untracked 
|  65|0x0000000705d00000, 0x0000000705d00000, 0x0000000705e00000|  0%| F|  |TAMS 0x0000000705d00000, 0x0000000705d00000| Untracked 
|  66|0x0000000705e00000, 0x0000000705e00000, 0x0000000705f00000|  0%| F|  |TAMS 0x0000000705e00000, 0x0000000705e00000| Untracked 
|  67|0x0000000705f00000, 0x0000000705f00000, 0x0000000706000000|  0%| F|  |TAMS 0x0000000705f00000, 0x0000000705f00000| Untracked 
|  68|0x0000000706000000, 0x0000000706000000, 0x0000000706100000|  0%| F|  |TAMS 0x0000000706000000, 0x0000000706000000| Untracked 
|  69|0x0000000706100000, 0x0000000706100000, 0x0000000706200000|  0%| F|  |TAMS 0x0000000706100000, 0x0000000706100000| Untracked 
|  70|0x0000000706200000, 0x0000000706200000, 0x0000000706300000|  0%| F|  |TAMS 0x0000000706200000, 0x0000000706200000| Untracked 
|  71|0x0000000706300000, 0x0000000706300000, 0x0000000706400000|  0%| F|  |TAMS 0x0000000706300000, 0x0000000706300000| Untracked 
|  72|0x0000000706400000, 0x0000000706400000, 0x0000000706500000|  0%| F|  |TAMS 0x0000000706400000, 0x0000000706400000| Untracked 
|  73|0x0000000706500000, 0x0000000706500000, 0x0000000706600000|  0%| F|  |TAMS 0x0000000706500000, 0x0000000706500000| Untracked 
|  74|0x0000000706600000, 0x0000000706600000, 0x0000000706700000|  0%| F|  |TAMS 0x0000000706600000, 0x0000000706600000| Untracked 
|  75|0x0000000706700000, 0x0000000706700000, 0x0000000706800000|  0%| F|  |TAMS 0x0000000706700000, 0x0000000706700000| Untracked 
|  76|0x0000000706800000, 0x0000000706800000, 0x0000000706900000|  0%| F|  |TAMS 0x0000000706800000, 0x0000000706800000| Untracked 
|  77|0x0000000706900000, 0x0000000706900000, 0x0000000706a00000|  0%| F|  |TAMS 0x0000000706900000, 0x0000000706900000| Untracked 
|  78|0x0000000706a00000, 0x0000000706a00000, 0x0000000706b00000|  0%| F|  |TAMS 0x0000000706a00000, 0x0000000706a00000| Untracked 
|  79|0x0000000706b00000, 0x0000000706b00000, 0x0000000706c00000|  0%| F|  |TAMS 0x0000000706b00000, 0x0000000706b00000| Untracked 
|  80|0x0000000706c00000, 0x0000000706c00000, 0x0000000706d00000|  0%| F|  |TAMS 0x0000000706c00000, 0x0000000706c00000| Untracked 
|  81|0x0000000706d00000, 0x0000000706d00000, 0x0000000706e00000|  0%| F|  |TAMS 0x0000000706d00000, 0x0000000706d00000| Untracked 
|  82|0x0000000706e00000, 0x0000000706e00000, 0x0000000706f00000|  0%| F|  |TAMS 0x0000000706e00000, 0x0000000706e00000| Untracked 
|  83|0x0000000706f00000, 0x0000000706f00000, 0x0000000707000000|  0%| F|  |TAMS 0x0000000706f00000, 0x0000000706f00000| Untracked 
|  84|0x0000000707000000, 0x0000000707000000, 0x0000000707100000|  0%| F|  |TAMS 0x0000000707000000, 0x0000000707000000| Untracked 
|  85|0x0000000707100000, 0x0000000707100000, 0x0000000707200000|  0%| F|  |TAMS 0x0000000707100000, 0x0000000707100000| Untracked 
|  86|0x0000000707200000, 0x0000000707200000, 0x0000000707300000|  0%| F|  |TAMS 0x0000000707200000, 0x0000000707200000| Untracked 
|  87|0x0000000707300000, 0x0000000707300000, 0x0000000707400000|  0%| F|  |TAMS 0x0000000707300000, 0x0000000707300000| Untracked 
|  88|0x0000000707400000, 0x0000000707400000, 0x0000000707500000|  0%| F|  |TAMS 0x0000000707400000, 0x0000000707400000| Untracked 
|  89|0x0000000707500000, 0x0000000707500000, 0x0000000707600000|  0%| F|  |TAMS 0x0000000707500000, 0x0000000707500000| Untracked 
|  90|0x0000000707600000, 0x0000000707600000, 0x0000000707700000|  0%| F|  |TAMS 0x0000000707600000, 0x0000000707600000| Untracked 
|  91|0x0000000707700000, 0x0000000707700000, 0x0000000707800000|  0%| F|  |TAMS 0x0000000707700000, 0x0000000707700000| Untracked 
|  92|0x0000000707800000, 0x0000000707800000, 0x0000000707900000|  0%| F|  |TAMS 0x0000000707800000, 0x0000000707800000| Untracked 
|  93|0x0000000707900000, 0x0000000707900000, 0x0000000707a00000|  0%| F|  |TAMS 0x0000000707900000, 0x0000000707900000| Untracked 
|  94|0x0000000707a00000, 0x0000000707a00000, 0x0000000707b00000|  0%| F|  |TAMS 0x0000000707a00000, 0x0000000707a00000| Untracked 
|  95|0x0000000707b00000, 0x0000000707b00000, 0x0000000707c00000|  0%| F|  |TAMS 0x0000000707b00000, 0x0000000707b00000| Untracked 
|  96|0x0000000707c00000, 0x0000000707c00000, 0x0000000707d00000|  0%| F|  |TAMS 0x0000000707c00000, 0x0000000707c00000| Untracked 
|  97|0x0000000707d00000, 0x0000000707d00000, 0x0000000707e00000|  0%| F|  |TAMS 0x0000000707d00000, 0x0000000707d00000| Untracked 
|  98|0x0000000707e00000, 0x0000000707e00000, 0x0000000707f00000|  0%| F|  |TAMS 0x0000000707e00000, 0x0000000707e00000| Untracked 
|  99|0x0000000707f00000, 0x0000000707f00000, 0x0000000708000000|  0%| F|  |TAMS 0x0000000707f00000, 0x0000000707f00000| Untracked 
| 100|0x0000000708000000, 0x0000000708000000, 0x0000000708100000|  0%| F|  |TAMS 0x0000000708000000, 0x0000000708000000| Untracked 
| 101|0x0000000708100000, 0x0000000708100000, 0x0000000708200000|  0%| F|  |TAMS 0x0000000708100000, 0x0000000708100000| Untracked 
| 102|0x0000000708200000, 0x0000000708200000, 0x0000000708300000|  0%| F|  |TAMS 0x0000000708200000, 0x0000000708200000| Untracked 
| 103|0x0000000708300000, 0x0000000708300000, 0x0000000708400000|  0%| F|  |TAMS 0x0000000708300000, 0x0000000708300000| Untracked 
| 104|0x0000000708400000, 0x0000000708400000, 0x0000000708500000|  0%| F|  |TAMS 0x0000000708400000, 0x0000000708400000| Untracked 
| 105|0x0000000708500000, 0x0000000708500000, 0x0000000708600000|  0%| F|  |TAMS 0x0000000708500000, 0x0000000708500000| Untracked 
| 106|0x0000000708600000, 0x0000000708600000, 0x0000000708700000|  0%| F|  |TAMS 0x0000000708600000, 0x0000000708600000| Untracked 
| 107|0x0000000708700000, 0x0000000708700000, 0x0000000708800000|  0%| F|  |TAMS 0x0000000708700000, 0x0000000708700000| Untracked 
| 108|0x0000000708800000, 0x0000000708800000, 0x0000000708900000|  0%| F|  |TAMS 0x0000000708800000, 0x0000000708800000| Untracked 
| 109|0x0000000708900000, 0x0000000708900000, 0x0000000708a00000|  0%| F|  |TAMS 0x0000000708900000, 0x0000000708900000| Untracked 
| 110|0x0000000708a00000, 0x0000000708a00000, 0x0000000708b00000|  0%| F|  |TAMS 0x0000000708a00000, 0x0000000708a00000| Untracked 
| 111|0x0000000708b00000, 0x0000000708b00000, 0x0000000708c00000|  0%| F|  |TAMS 0x0000000708b00000, 0x0000000708b00000| Untracked 
| 112|0x0000000708c00000, 0x0000000708c00000, 0x0000000708d00000|  0%| F|  |TAMS 0x0000000708c00000, 0x0000000708c00000| Untracked 
| 113|0x0000000708d00000, 0x0000000708d00000, 0x0000000708e00000|  0%| F|  |TAMS 0x0000000708d00000, 0x0000000708d00000| Untracked 
| 114|0x0000000708e00000, 0x0000000708e00000, 0x0000000708f00000|  0%| F|  |TAMS 0x0000000708e00000, 0x0000000708e00000| Untracked 
| 115|0x0000000708f00000, 0x0000000708f00000, 0x0000000709000000|  0%| F|  |TAMS 0x0000000708f00000, 0x0000000708f00000| Untracked 
| 116|0x0000000709000000, 0x0000000709000000, 0x0000000709100000|  0%| F|  |TAMS 0x0000000709000000, 0x0000000709000000| Untracked 
| 117|0x0000000709100000, 0x0000000709100000, 0x0000000709200000|  0%| F|  |TAMS 0x0000000709100000, 0x0000000709100000| Untracked 
| 118|0x0000000709200000, 0x0000000709200000, 0x0000000709300000|  0%| F|  |TAMS 0x0000000709200000, 0x0000000709200000| Untracked 
| 119|0x0000000709300000, 0x0000000709300000, 0x0000000709400000|  0%| F|  |TAMS 0x0000000709300000, 0x0000000709300000| Untracked 
| 120|0x0000000709400000, 0x0000000709400000, 0x0000000709500000|  0%| F|  |TAMS 0x0000000709400000, 0x0000000709400000| Untracked 
| 121|0x0000000709500000, 0x0000000709500000, 0x0000000709600000|  0%| F|  |TAMS 0x0000000709500000, 0x0000000709500000| Untracked 
| 122|0x0000000709600000, 0x0000000709600000, 0x0000000709700000|  0%| F|  |TAMS 0x0000000709600000, 0x0000000709600000| Untracked 
| 123|0x0000000709700000, 0x0000000709700000, 0x0000000709800000|  0%| F|  |TAMS 0x0000000709700000, 0x0000000709700000| Untracked 
| 124|0x0000000709800000, 0x0000000709800000, 0x0000000709900000|  0%| F|  |TAMS 0x0000000709800000, 0x0000000709800000| Untracked 
| 125|0x0000000709900000, 0x0000000709900000, 0x0000000709a00000|  0%| F|  |TAMS 0x0000000709900000, 0x0000000709900000| Untracked 
| 126|0x0000000709a00000, 0x0000000709a00000, 0x0000000709b00000|  0%| F|  |TAMS 0x0000000709a00000, 0x0000000709a00000| Untracked 
| 127|0x0000000709b00000, 0x0000000709b00000, 0x0000000709c00000|  0%| F|  |TAMS 0x0000000709b00000, 0x0000000709b00000| Untracked 
| 128|0x0000000709c00000, 0x0000000709c00000, 0x0000000709d00000|  0%| F|  |TAMS 0x0000000709c00000, 0x0000000709c00000| Untracked 
| 129|0x0000000709d00000, 0x0000000709d00000, 0x0000000709e00000|  0%| F|  |TAMS 0x0000000709d00000, 0x0000000709d00000| Untracked 
| 130|0x0000000709e00000, 0x0000000709e00000, 0x0000000709f00000|  0%| F|  |TAMS 0x0000000709e00000, 0x0000000709e00000| Untracked 
| 131|0x0000000709f00000, 0x0000000709f00000, 0x000000070a000000|  0%| F|  |TAMS 0x0000000709f00000, 0x0000000709f00000| Untracked 
| 132|0x000000070a000000, 0x000000070a000000, 0x000000070a100000|  0%| F|  |TAMS 0x000000070a000000, 0x000000070a000000| Untracked 
| 133|0x000000070a100000, 0x000000070a100000, 0x000000070a200000|  0%| F|  |TAMS 0x000000070a100000, 0x000000070a100000| Untracked 
| 134|0x000000070a200000, 0x000000070a200000, 0x000000070a300000|  0%| F|  |TAMS 0x000000070a200000, 0x000000070a200000| Untracked 
| 135|0x000000070a300000, 0x000000070a300000, 0x000000070a400000|  0%| F|  |TAMS 0x000000070a300000, 0x000000070a300000| Untracked 
| 136|0x000000070a400000, 0x000000070a400000, 0x000000070a500000|  0%| F|  |TAMS 0x000000070a400000, 0x000000070a400000| Untracked 
| 137|0x000000070a500000, 0x000000070a500000, 0x000000070a600000|  0%| F|  |TAMS 0x000000070a500000, 0x000000070a500000| Untracked 
| 138|0x000000070a600000, 0x000000070a600000, 0x000000070a700000|  0%| F|  |TAMS 0x000000070a600000, 0x000000070a600000| Untracked 
| 139|0x000000070a700000, 0x000000070a700000, 0x000000070a800000|  0%| F|  |TAMS 0x000000070a700000, 0x000000070a700000| Untracked 
| 140|0x000000070a800000, 0x000000070a800000, 0x000000070a900000|  0%| F|  |TAMS 0x000000070a800000, 0x000000070a800000| Untracked 
| 141|0x000000070a900000, 0x000000070a900000, 0x000000070aa00000|  0%| F|  |TAMS 0x000000070a900000, 0x000000070a900000| Untracked 
| 142|0x000000070aa00000, 0x000000070aa00000, 0x000000070ab00000|  0%| F|  |TAMS 0x000000070aa00000, 0x000000070aa00000| Untracked 
| 143|0x000000070ab00000, 0x000000070ab00000, 0x000000070ac00000|  0%| F|  |TAMS 0x000000070ab00000, 0x000000070ab00000| Untracked 
| 144|0x000000070ac00000, 0x000000070ac00000, 0x000000070ad00000|  0%| F|  |TAMS 0x000000070ac00000, 0x000000070ac00000| Untracked 
| 145|0x000000070ad00000, 0x000000070ad00000, 0x000000070ae00000|  0%| F|  |TAMS 0x000000070ad00000, 0x000000070ad00000| Untracked 
| 146|0x000000070ae00000, 0x000000070ae00000, 0x000000070af00000|  0%| F|  |TAMS 0x000000070ae00000, 0x000000070ae00000| Untracked 
| 147|0x000000070af00000, 0x000000070af00000, 0x000000070b000000|  0%| F|  |TAMS 0x000000070af00000, 0x000000070af00000| Untracked 
| 148|0x000000070b000000, 0x000000070b000000, 0x000000070b100000|  0%| F|  |TAMS 0x000000070b000000, 0x000000070b000000| Untracked 
| 149|0x000000070b100000, 0x000000070b100000, 0x000000070b200000|  0%| F|  |TAMS 0x000000070b100000, 0x000000070b100000| Untracked 
| 150|0x000000070b200000, 0x000000070b200000, 0x000000070b300000|  0%| F|  |TAMS 0x000000070b200000, 0x000000070b200000| Untracked 
| 151|0x000000070b300000, 0x000000070b300000, 0x000000070b400000|  0%| F|  |TAMS 0x000000070b300000, 0x000000070b300000| Untracked 
| 152|0x000000070b400000, 0x000000070b400000, 0x000000070b500000|  0%| F|  |TAMS 0x000000070b400000, 0x000000070b400000| Untracked 
| 153|0x000000070b500000, 0x000000070b500000, 0x000000070b600000|  0%| F|  |TAMS 0x000000070b500000, 0x000000070b500000| Untracked 
| 154|0x000000070b600000, 0x000000070b600000, 0x000000070b700000|  0%| F|  |TAMS 0x000000070b600000, 0x000000070b600000| Untracked 
| 155|0x000000070b700000, 0x000000070b700000, 0x000000070b800000|  0%| F|  |TAMS 0x000000070b700000, 0x000000070b700000| Untracked 
| 156|0x000000070b800000, 0x000000070b800000, 0x000000070b900000|  0%| F|  |TAMS 0x000000070b800000, 0x000000070b800000| Untracked 
| 157|0x000000070b900000, 0x000000070b900000, 0x000000070ba00000|  0%| F|  |TAMS 0x000000070b900000, 0x000000070b900000| Untracked 
| 158|0x000000070ba00000, 0x000000070ba00000, 0x000000070bb00000|  0%| F|  |TAMS 0x000000070ba00000, 0x000000070ba00000| Untracked 
| 159|0x000000070bb00000, 0x000000070bb00000, 0x000000070bc00000|  0%| F|  |TAMS 0x000000070bb00000, 0x000000070bb00000| Untracked 
| 160|0x000000070bc00000, 0x000000070bc00000, 0x000000070bd00000|  0%| F|  |TAMS 0x000000070bc00000, 0x000000070bc00000| Untracked 
| 161|0x000000070bd00000, 0x000000070bd00000, 0x000000070be00000|  0%| F|  |TAMS 0x000000070bd00000, 0x000000070bd00000| Untracked 
| 162|0x000000070be00000, 0x000000070be00000, 0x000000070bf00000|  0%| F|  |TAMS 0x000000070be00000, 0x000000070be00000| Untracked 
| 163|0x000000070bf00000, 0x000000070bf00000, 0x000000070c000000|  0%| F|  |TAMS 0x000000070bf00000, 0x000000070bf00000| Untracked 
| 164|0x000000070c000000, 0x000000070c000000, 0x000000070c100000|  0%| F|  |TAMS 0x000000070c000000, 0x000000070c000000| Untracked 
| 165|0x000000070c100000, 0x000000070c100000, 0x000000070c200000|  0%| F|  |TAMS 0x000000070c100000, 0x000000070c100000| Untracked 
| 166|0x000000070c200000, 0x000000070c200000, 0x000000070c300000|  0%| F|  |TAMS 0x000000070c200000, 0x000000070c200000| Untracked 
| 167|0x000000070c300000, 0x000000070c300000, 0x000000070c400000|  0%| F|  |TAMS 0x000000070c300000, 0x000000070c300000| Untracked 
| 168|0x000000070c400000, 0x000000070c400000, 0x000000070c500000|  0%| F|  |TAMS 0x000000070c400000, 0x000000070c400000| Untracked 
| 169|0x000000070c500000, 0x000000070c500000, 0x000000070c600000|  0%| F|  |TAMS 0x000000070c500000, 0x000000070c500000| Untracked 
| 170|0x000000070c600000, 0x000000070c600000, 0x000000070c700000|  0%| F|  |TAMS 0x000000070c600000, 0x000000070c600000| Untracked 
| 171|0x000000070c700000, 0x000000070c700000, 0x000000070c800000|  0%| F|  |TAMS 0x000000070c700000, 0x000000070c700000| Untracked 
| 172|0x000000070c800000, 0x000000070c800000, 0x000000070c900000|  0%| F|  |TAMS 0x000000070c800000, 0x000000070c800000| Untracked 
| 173|0x000000070c900000, 0x000000070c900000, 0x000000070ca00000|  0%| F|  |TAMS 0x000000070c900000, 0x000000070c900000| Untracked 
| 174|0x000000070ca00000, 0x000000070ca00000, 0x000000070cb00000|  0%| F|  |TAMS 0x000000070ca00000, 0x000000070ca00000| Untracked 
| 175|0x000000070cb00000, 0x000000070cb00000, 0x000000070cc00000|  0%| F|  |TAMS 0x000000070cb00000, 0x000000070cb00000| Untracked 
| 176|0x000000070cc00000, 0x000000070cc00000, 0x000000070cd00000|  0%| F|  |TAMS 0x000000070cc00000, 0x000000070cc00000| Untracked 
| 177|0x000000070cd00000, 0x000000070cd00000, 0x000000070ce00000|  0%| F|  |TAMS 0x000000070cd00000, 0x000000070cd00000| Untracked 
| 178|0x000000070ce00000, 0x000000070ce00000, 0x000000070cf00000|  0%| F|  |TAMS 0x000000070ce00000, 0x000000070ce00000| Untracked 
| 179|0x000000070cf00000, 0x000000070cf00000, 0x000000070d000000|  0%| F|  |TAMS 0x000000070cf00000, 0x000000070cf00000| Untracked 
| 180|0x000000070d000000, 0x000000070d000000, 0x000000070d100000|  0%| F|  |TAMS 0x000000070d000000, 0x000000070d000000| Untracked 
| 181|0x000000070d100000, 0x000000070d100000, 0x000000070d200000|  0%| F|  |TAMS 0x000000070d100000, 0x000000070d100000| Untracked 
| 182|0x000000070d200000, 0x000000070d200000, 0x000000070d300000|  0%| F|  |TAMS 0x000000070d200000, 0x000000070d200000| Untracked 
| 183|0x000000070d300000, 0x000000070d300000, 0x000000070d400000|  0%| F|  |TAMS 0x000000070d300000, 0x000000070d300000| Untracked 
| 184|0x000000070d400000, 0x000000070d400000, 0x000000070d500000|  0%| F|  |TAMS 0x000000070d400000, 0x000000070d400000| Untracked 
| 185|0x000000070d500000, 0x000000070d500000, 0x000000070d600000|  0%| F|  |TAMS 0x000000070d500000, 0x000000070d500000| Untracked 
| 186|0x000000070d600000, 0x000000070d600000, 0x000000070d700000|  0%| F|  |TAMS 0x000000070d600000, 0x000000070d600000| Untracked 
| 187|0x000000070d700000, 0x000000070d700000, 0x000000070d800000|  0%| F|  |TAMS 0x000000070d700000, 0x000000070d700000| Untracked 
| 188|0x000000070d800000, 0x000000070d800000, 0x000000070d900000|  0%| F|  |TAMS 0x000000070d800000, 0x000000070d800000| Untracked 
| 189|0x000000070d900000, 0x000000070d900000, 0x000000070da00000|  0%| F|  |TAMS 0x000000070d900000, 0x000000070d900000| Untracked 
| 190|0x000000070da00000, 0x000000070da00000, 0x000000070db00000|  0%| F|  |TAMS 0x000000070da00000, 0x000000070da00000| Untracked 
| 191|0x000000070db00000, 0x000000070db00000, 0x000000070dc00000|  0%| F|  |TAMS 0x000000070db00000, 0x000000070db00000| Untracked 
| 192|0x000000070dc00000, 0x000000070dc00000, 0x000000070dd00000|  0%| F|  |TAMS 0x000000070dc00000, 0x000000070dc00000| Untracked 
| 193|0x000000070dd00000, 0x000000070dd00000, 0x000000070de00000|  0%| F|  |TAMS 0x000000070dd00000, 0x000000070dd00000| Untracked 
| 194|0x000000070de00000, 0x000000070de00000, 0x000000070df00000|  0%| F|  |TAMS 0x000000070de00000, 0x000000070de00000| Untracked 
| 195|0x000000070df00000, 0x000000070df00000, 0x000000070e000000|  0%| F|  |TAMS 0x000000070df00000, 0x000000070df00000| Untracked 
| 196|0x000000070e000000, 0x000000070e000000, 0x000000070e100000|  0%| F|  |TAMS 0x000000070e000000, 0x000000070e000000| Untracked 
| 197|0x000000070e100000, 0x000000070e100000, 0x000000070e200000|  0%| F|  |TAMS 0x000000070e100000, 0x000000070e100000| Untracked 
| 198|0x000000070e200000, 0x000000070e200000, 0x000000070e300000|  0%| F|  |TAMS 0x000000070e200000, 0x000000070e200000| Untracked 
| 199|0x000000070e300000, 0x000000070e300000, 0x000000070e400000|  0%| F|  |TAMS 0x000000070e300000, 0x000000070e300000| Untracked 
| 200|0x000000070e400000, 0x000000070e400000, 0x000000070e500000|  0%| F|  |TAMS 0x000000070e400000, 0x000000070e400000| Untracked 
| 201|0x000000070e500000, 0x000000070e500000, 0x000000070e600000|  0%| F|  |TAMS 0x000000070e500000, 0x000000070e500000| Untracked 
| 202|0x000000070e600000, 0x000000070e600000, 0x000000070e700000|  0%| F|  |TAMS 0x000000070e600000, 0x000000070e600000| Untracked 
| 203|0x000000070e700000, 0x000000070e700000, 0x000000070e800000|  0%| F|  |TAMS 0x000000070e700000, 0x000000070e700000| Untracked 
| 204|0x000000070e800000, 0x000000070e800000, 0x000000070e900000|  0%| F|  |TAMS 0x000000070e800000, 0x000000070e800000| Untracked 
| 205|0x000000070e900000, 0x000000070e900000, 0x000000070ea00000|  0%| F|  |TAMS 0x000000070e900000, 0x000000070e900000| Untracked 
| 206|0x000000070ea00000, 0x000000070ea00000, 0x000000070eb00000|  0%| F|  |TAMS 0x000000070ea00000, 0x000000070ea00000| Untracked 
| 207|0x000000070eb00000, 0x000000070eb00000, 0x000000070ec00000|  0%| F|  |TAMS 0x000000070eb00000, 0x000000070eb00000| Untracked 
| 208|0x000000070ec00000, 0x000000070ec00000, 0x000000070ed00000|  0%| F|  |TAMS 0x000000070ec00000, 0x000000070ec00000| Untracked 
| 209|0x000000070ed00000, 0x000000070ed00000, 0x000000070ee00000|  0%| F|  |TAMS 0x000000070ed00000, 0x000000070ed00000| Untracked 
| 210|0x000000070ee00000, 0x000000070ee00000, 0x000000070ef00000|  0%| F|  |TAMS 0x000000070ee00000, 0x000000070ee00000| Untracked 
| 211|0x000000070ef00000, 0x000000070ef00000, 0x000000070f000000|  0%| F|  |TAMS 0x000000070ef00000, 0x000000070ef00000| Untracked 
| 212|0x000000070f000000, 0x000000070f000000, 0x000000070f100000|  0%| F|  |TAMS 0x000000070f000000, 0x000000070f000000| Untracked 
| 213|0x000000070f100000, 0x000000070f100000, 0x000000070f200000|  0%| F|  |TAMS 0x000000070f100000, 0x000000070f100000| Untracked 
| 214|0x000000070f200000, 0x000000070f200000, 0x000000070f300000|  0%| F|  |TAMS 0x000000070f200000, 0x000000070f200000| Untracked 
| 215|0x000000070f300000, 0x000000070f300000, 0x000000070f400000|  0%| F|  |TAMS 0x000000070f300000, 0x000000070f300000| Untracked 
| 216|0x000000070f400000, 0x000000070f400000, 0x000000070f500000|  0%| F|  |TAMS 0x000000070f400000, 0x000000070f400000| Untracked 
| 217|0x000000070f500000, 0x000000070f500000, 0x000000070f600000|  0%| F|  |TAMS 0x000000070f500000, 0x000000070f500000| Untracked 
| 218|0x000000070f600000, 0x000000070f600000, 0x000000070f700000|  0%| F|  |TAMS 0x000000070f600000, 0x000000070f600000| Untracked 
| 219|0x000000070f700000, 0x000000070f700000, 0x000000070f800000|  0%| F|  |TAMS 0x000000070f700000, 0x000000070f700000| Untracked 
| 220|0x000000070f800000, 0x000000070f800000, 0x000000070f900000|  0%| F|  |TAMS 0x000000070f800000, 0x000000070f800000| Untracked 
| 221|0x000000070f900000, 0x000000070f900000, 0x000000070fa00000|  0%| F|  |TAMS 0x000000070f900000, 0x000000070f900000| Untracked 
| 222|0x000000070fa00000, 0x000000070fa00000, 0x000000070fb00000|  0%| F|  |TAMS 0x000000070fa00000, 0x000000070fa00000| Untracked 
| 223|0x000000070fb00000, 0x000000070fb00000, 0x000000070fc00000|  0%| F|  |TAMS 0x000000070fb00000, 0x000000070fb00000| Untracked 
| 224|0x000000070fc00000, 0x000000070fc00000, 0x000000070fd00000|  0%| F|  |TAMS 0x000000070fc00000, 0x000000070fc00000| Untracked 
| 225|0x000000070fd00000, 0x000000070fd00000, 0x000000070fe00000|  0%| F|  |TAMS 0x000000070fd00000, 0x000000070fd00000| Untracked 
| 226|0x000000070fe00000, 0x000000070fe00000, 0x000000070ff00000|  0%| F|  |TAMS 0x000000070fe00000, 0x000000070fe00000| Untracked 
| 227|0x000000070ff00000, 0x000000070ff00000, 0x0000000710000000|  0%| F|  |TAMS 0x000000070ff00000, 0x000000070ff00000| Untracked 
| 228|0x0000000710000000, 0x0000000710000000, 0x0000000710100000|  0%| F|  |TAMS 0x0000000710000000, 0x0000000710000000| Untracked 
| 229|0x0000000710100000, 0x0000000710100000, 0x0000000710200000|  0%| F|  |TAMS 0x0000000710100000, 0x0000000710100000| Untracked 
| 230|0x0000000710200000, 0x0000000710200000, 0x0000000710300000|  0%| F|  |TAMS 0x0000000710200000, 0x0000000710200000| Untracked 
| 231|0x0000000710300000, 0x0000000710300000, 0x0000000710400000|  0%| F|  |TAMS 0x0000000710300000, 0x0000000710300000| Untracked 
| 232|0x0000000710400000, 0x0000000710400000, 0x0000000710500000|  0%| F|  |TAMS 0x0000000710400000, 0x0000000710400000| Untracked 
| 233|0x0000000710500000, 0x0000000710500000, 0x0000000710600000|  0%| F|  |TAMS 0x0000000710500000, 0x0000000710500000| Untracked 
| 234|0x0000000710600000, 0x0000000710600000, 0x0000000710700000|  0%| F|  |TAMS 0x0000000710600000, 0x0000000710600000| Untracked 
| 235|0x0000000710700000, 0x0000000710700000, 0x0000000710800000|  0%| F|  |TAMS 0x0000000710700000, 0x0000000710700000| Untracked 
| 236|0x0000000710800000, 0x0000000710800000, 0x0000000710900000|  0%| F|  |TAMS 0x0000000710800000, 0x0000000710800000| Untracked 
| 237|0x0000000710900000, 0x0000000710900000, 0x0000000710a00000|  0%| F|  |TAMS 0x0000000710900000, 0x0000000710900000| Untracked 
| 238|0x0000000710a00000, 0x0000000710a00000, 0x0000000710b00000|  0%| F|  |TAMS 0x0000000710a00000, 0x0000000710a00000| Untracked 
| 239|0x0000000710b00000, 0x0000000710b00000, 0x0000000710c00000|  0%| F|  |TAMS 0x0000000710b00000, 0x0000000710b00000| Untracked 
| 240|0x0000000710c00000, 0x0000000710c00000, 0x0000000710d00000|  0%| F|  |TAMS 0x0000000710c00000, 0x0000000710c00000| Untracked 
| 241|0x0000000710d00000, 0x0000000710d00000, 0x0000000710e00000|  0%| F|  |TAMS 0x0000000710d00000, 0x0000000710d00000| Untracked 
| 242|0x0000000710e00000, 0x0000000710e0f7d0, 0x0000000710f00000|  6%| S|CS|TAMS 0x0000000710e00000, 0x0000000710e00000| Complete 
| 243|0x0000000710f00000, 0x0000000711000000, 0x0000000711000000|100%| S|CS|TAMS 0x0000000710f00000, 0x0000000710f00000| Complete 
| 244|0x0000000711000000, 0x0000000711000000, 0x0000000711100000|  0%| F|  |TAMS 0x0000000711000000, 0x0000000711000000| Untracked 
| 245|0x0000000711100000, 0x0000000711100000, 0x0000000711200000|  0%| F|  |TAMS 0x0000000711100000, 0x0000000711100000| Untracked 
| 246|0x0000000711200000, 0x0000000711200000, 0x0000000711300000|  0%| F|  |TAMS 0x0000000711200000, 0x0000000711200000| Untracked 
| 247|0x0000000711300000, 0x0000000711300000, 0x0000000711400000|  0%| F|  |TAMS 0x0000000711300000, 0x0000000711300000| Untracked 
| 248|0x0000000711400000, 0x0000000711400000, 0x0000000711500000|  0%| F|  |TAMS 0x0000000711400000, 0x0000000711400000| Untracked 
| 249|0x0000000711500000, 0x0000000711500000, 0x0000000711600000|  0%| F|  |TAMS 0x0000000711500000, 0x0000000711500000| Untracked 
| 250|0x0000000711600000, 0x0000000711600000, 0x0000000711700000|  0%| F|  |TAMS 0x0000000711600000, 0x0000000711600000| Untracked 
| 251|0x0000000711700000, 0x0000000711700000, 0x0000000711800000|  0%| F|  |TAMS 0x0000000711700000, 0x0000000711700000| Untracked 
| 252|0x0000000711800000, 0x0000000711800000, 0x0000000711900000|  0%| F|  |TAMS 0x0000000711800000, 0x0000000711800000| Untracked 
| 253|0x0000000711900000, 0x0000000711900000, 0x0000000711a00000|  0%| F|  |TAMS 0x0000000711900000, 0x0000000711900000| Untracked 
| 254|0x0000000711a00000, 0x0000000711a00000, 0x0000000711b00000|  0%| F|  |TAMS 0x0000000711a00000, 0x0000000711a00000| Untracked 
| 255|0x0000000711b00000, 0x0000000711b00000, 0x0000000711c00000|  0%| F|  |TAMS 0x0000000711b00000, 0x0000000711b00000| Untracked 

Card table byte_map: [0x000002174e5b0000,0x000002174edb0000] _byte_map_base: 0x000002174ada2000

Marking Bits (Prev, Next): (CMBitMap*) 0x00000217390ef8a0, (CMBitMap*) 0x00000217390ef868
 Prev Bits: [0x0000021753540000, 0x00000217574d0000)
 Next Bits: [0x000002174f5b0000, 0x0000021753540000)

Polling page: 0x0000021738f30000

Metaspace:

Usage:
  Non-class:     30.44 MB capacity,    30.14 MB (>99%) used,   256.72 KB ( <1%) free+waste,    50.94 KB ( <1%) overhead. 
      Class:      4.41 MB capacity,     4.23 MB ( 96%) used,   161.97 KB (  4%) free+waste,    23.13 KB ( <1%) overhead. 
       Both:     34.86 MB capacity,    34.37 MB ( 99%) used,   418.69 KB (  1%) free+waste,    74.06 KB ( <1%) overhead. 

Virtual space:
  Non-class space:       32.00 MB reserved,      30.50 MB ( 95%) committed 
      Class space:        1.00 GB reserved,       4.50 MB ( <1%) committed 
             Both:        1.03 GB reserved,      35.00 MB (  3%) committed 

Chunk freelists:
   Non-Class:  0 bytes
       Class:  24.00 KB
        Both:  24.00 KB

MaxMetaspaceSize: 17179869184.00 GB
CompressedClassSpaceSize: 1.00 GB

CodeHeap 'non-profiled nmethods': size=120000Kb used=993Kb max_used=993Kb free=119007Kb
 bounds [0x0000021745e20000, 0x0000021746090000, 0x000002174d350000]
CodeHeap 'profiled nmethods': size=120000Kb used=4534Kb max_used=4534Kb free=115465Kb
 bounds [0x000002173e8f0000, 0x000002173ed60000, 0x0000021745e20000]
CodeHeap 'non-nmethods': size=5760Kb used=1184Kb max_used=1231Kb free=4576Kb
 bounds [0x000002173e350000, 0x000002173e5c0000, 0x000002173e8f0000]
 total_blobs=2937 nmethods=2418 adapters=430
 compilation: enabled
              stopped_count=0, restarted_count=0
 full_count=0

Compilation events (20 events):
Event: 2.013 Thread 0x000002175a973800 nmethod 2408 0x000002173ed58990 code [0x000002173ed58b40, 0x000002173ed58cc8]
Event: 2.023 Thread 0x000002175a973800 2409       3       org.jetbrains.kotlin.protobuf.CodedOutputStream::writeRawByte (7 bytes)
Event: 2.023 Thread 0x000002175a973800 nmethod 2409 0x000002173ed58d90 code [0x000002173ed58f40, 0x000002173ed59068]
Event: 2.023 Thread 0x000002175a973800 2410       3       org.jetbrains.kotlin.protobuf.CodedOutputStream::writeRawByte (43 bytes)
Event: 2.023 Thread 0x000002175a973800 nmethod 2410 0x000002173ed59110 code [0x000002173ed592e0, 0x000002173ed594a8]
Event: 2.024 Thread 0x000002175a973800 2411       3       kotlin.collections.MapsKt__MapsKt::emptyMap (21 bytes)
Event: 2.025 Thread 0x000002175a973800 nmethod 2411 0x000002173ed59590 code [0x000002173ed59740, 0x000002173ed59838]
Event: 2.025 Thread 0x000002175a973800 2412       3       org.jetbrains.kotlin.protobuf.WireFormat::makeTag (6 bytes)
Event: 2.025 Thread 0x000002175a973800 nmethod 2412 0x000002173ed59910 code [0x000002173ed59ac0, 0x000002173ed59b98]
Event: 2.025 Thread 0x000002175a973800 2414       3       org.jetbrains.kotlin.protobuf.CodedOutputStream::writeRawVarint32 (33 bytes)
Event: 2.025 Thread 0x000002175a973800 nmethod 2414 0x000002173ed59c10 code [0x000002173ed59e00, 0x000002173ed5a0f8]
Event: 2.025 Thread 0x000002175a973800 2413       3       org.jetbrains.kotlin.protobuf.CodedOutputStream::computeRawVarint32Size (41 bytes)
Event: 2.025 Thread 0x000002175a973800 nmethod 2413 0x000002173ed5a210 code [0x000002173ed5a3c0, 0x000002173ed5a5f8]
Event: 2.028 Thread 0x000002175a973800 2416       3       jdk.internal.org.objectweb.asm.Type::getArgumentTypes (131 bytes)
Event: 2.028 Thread 0x000002175a973800 nmethod 2416 0x000002173ed5a690 code [0x000002173ed5a8e0, 0x000002173ed5b448]
Event: 2.030 Thread 0x000002175ab24800 nmethod 2271 0x0000021745f10210 code [0x0000021745f105c0, 0x0000021745f158d0]
Event: 2.031 Thread 0x000002175a973800 2417       3       java.lang.invoke.MemberName::<init> (131 bytes)
Event: 2.032 Thread 0x000002175a973800 nmethod 2417 0x000002173ed5b810 code [0x000002173ed5bb60, 0x000002173ed5d018]
Event: 2.032 Thread 0x000002175a973800 2418       3       jdk.internal.misc.Unsafe::ensureClassInitialized (18 bytes)
Event: 2.032 Thread 0x000002175a973800 nmethod 2418 0x000002173ed5d610 code [0x000002173ed5d7e0, 0x000002173ed5da18]

GC Heap History (9 events):
Event: 0.492 GC heap before
{Heap before GC invocations=0 (full 0):
 garbage-first heap   total 262144K, used 27648K [0x0000000701c00000, 0x0000000800000000)
  region size 1024K, 24 young (24576K), 0 survivors (0K)
 Metaspace       used 12336K, capacity 12469K, committed 12800K, reserved 1060864K
  class space    used 1157K, capacity 1174K, committed 1280K, reserved 1048576K
}
Event: 0.495 GC heap after
{Heap after GC invocations=1 (full 0):
 garbage-first heap   total 262144K, used 5736K [0x0000000701c00000, 0x0000000800000000)
  region size 1024K, 3 young (3072K), 3 survivors (3072K)
 Metaspace       used 12336K, capacity 12469K, committed 12800K, reserved 1060864K
  class space    used 1157K, capacity 1174K, committed 1280K, reserved 1048576K
}
Event: 1.035 GC heap before
{Heap before GC invocations=1 (full 0):
 garbage-first heap   total 262144K, used 41576K [0x0000000701c00000, 0x0000000800000000)
  region size 1024K, 39 young (39936K), 3 survivors (3072K)
 Metaspace       used 20936K, capacity 21150K, committed 21248K, reserved 1069056K
  class space    used 2195K, capacity 2257K, committed 2304K, reserved 1048576K
}
Event: 1.045 GC heap after
{Heap after GC invocations=2 (full 0):
 garbage-first heap   total 262144K, used 9647K [0x0000000701c00000, 0x0000000800000000)
  region size 1024K, 7 young (7168K), 7 survivors (7168K)
 Metaspace       used 20936K, capacity 21150K, committed 21248K, reserved 1069056K
  class space    used 2195K, capacity 2257K, committed 2304K, reserved 1048576K
}
Event: 1.833 GC heap before
{Heap before GC invocations=3 (full 0):
 garbage-first heap   total 262144K, used 73135K [0x0000000701c00000, 0x0000000800000000)
  region size 1024K, 57 young (58368K), 7 survivors (7168K)
 Metaspace       used 32013K, capacity 32473K, committed 32640K, reserved 1077248K
  class space    used 3960K, capacity 4129K, committed 4224K, reserved 1048576K
}
Event: 1.843 GC heap after
{Heap after GC invocations=4 (full 0):
 garbage-first heap   total 262144K, used 23689K [0x0000000701c00000, 0x0000000800000000)
  region size 1024K, 8 young (8192K), 8 survivors (8192K)
 Metaspace       used 32013K, capacity 32473K, committed 32640K, reserved 1077248K
  class space    used 3960K, capacity 4129K, committed 4224K, reserved 1048576K
}
Event: 1.892 GC heap before
{Heap before GC invocations=4 (full 0):
 garbage-first heap   total 262144K, used 27785K [0x0000000701c00000, 0x0000000800000000)
  region size 1024K, 12 young (12288K), 8 survivors (8192K)
 Metaspace       used 32853K, capacity 33377K, committed 33536K, reserved 1079296K
  class space    used 4076K, capacity 4260K, committed 4352K, reserved 1048576K
}
Event: 1.898 GC heap after
{Heap after GC invocations=5 (full 0):
 garbage-first heap   total 262144K, used 25188K [0x0000000701c00000, 0x0000000800000000)
  region size 1024K, 2 young (2048K), 2 survivors (2048K)
 Metaspace       used 32853K, capacity 33377K, committed 33536K, reserved 1079296K
  class space    used 4076K, capacity 4260K, committed 4352K, reserved 1048576K
}
Event: 2.034 GC heap before
{Heap before GC invocations=5 (full 0):
 garbage-first heap   total 262144K, used 34404K [0x0000000701c00000, 0x0000000800000000)
  region size 1024K, 12 young (12288K), 2 survivors (2048K)
 Metaspace       used 35199K, capacity 35692K, committed 35840K, reserved 1081344K
  class space    used 4334K, capacity 4520K, committed 4608K, reserved 1048576K
}

Deoptimization events (20 events):
Event: 1.786 Thread 0x000002173908c000 Uncommon trap: trap_request=0xffffffde fr.pc=0x0000021745ee4874 relative=0x0000000000000274
Event: 1.786 Thread 0x000002173908c000 Uncommon trap: reason=class_check action=maybe_recompile pc=0x0000021745ee4874 method=gnu.trove.TObjectHash.computeHashCode(Ljava/lang/Object;)I @ 5 c2
Event: 1.786 Thread 0x000002173908c000 DEOPT PACKING pc=0x0000021745ee4874 sp=0x0000007836dfe1c0
Event: 1.786 Thread 0x000002173908c000 DEOPT UNPACKING pc=0x000002173e377b2f sp=0x0000007836dfe088 mode 2
Event: 1.786 Thread 0x000002173908c000 Uncommon trap: trap_request=0xffffffde fr.pc=0x0000021745ee4874 relative=0x0000000000000274
Event: 1.786 Thread 0x000002173908c000 Uncommon trap: reason=class_check action=maybe_recompile pc=0x0000021745ee4874 method=gnu.trove.TObjectHash.computeHashCode(Ljava/lang/Object;)I @ 5 c2
Event: 1.786 Thread 0x000002173908c000 DEOPT PACKING pc=0x0000021745ee4874 sp=0x0000007836dfe1c0
Event: 1.786 Thread 0x000002173908c000 DEOPT UNPACKING pc=0x000002173e377b2f sp=0x0000007836dfe088 mode 2
Event: 1.787 Thread 0x000002173908c000 Uncommon trap: trap_request=0xffffffde fr.pc=0x0000021745ee35a4 relative=0x0000000000000244
Event: 1.787 Thread 0x000002173908c000 Uncommon trap: reason=class_check action=maybe_recompile pc=0x0000021745ee35a4 method=gnu.trove.TObjectHash.computeHashCode(Ljava/lang/Object;)I @ 5 c2
Event: 1.787 Thread 0x000002173908c000 DEOPT PACKING pc=0x0000021745ee35a4 sp=0x0000007836dfe160
Event: 1.787 Thread 0x000002173908c000 DEOPT UNPACKING pc=0x000002173e377b2f sp=0x0000007836dfe088 mode 2
Event: 1.787 Thread 0x000002173908c000 Uncommon trap: trap_request=0xffffffde fr.pc=0x0000021745edbc44 relative=0x0000000000000084
Event: 1.787 Thread 0x000002173908c000 Uncommon trap: reason=class_check action=maybe_recompile pc=0x0000021745edbc44 method=gnu.trove.TObjectHash.computeHashCode(Ljava/lang/Object;)I @ 5 c2
Event: 1.787 Thread 0x000002173908c000 DEOPT PACKING pc=0x0000021745edbc44 sp=0x0000007836dfe0e0
Event: 1.787 Thread 0x000002173908c000 DEOPT UNPACKING pc=0x000002173e377b2f sp=0x0000007836dfe080 mode 2
Event: 1.988 Thread 0x000002173908c000 Uncommon trap: trap_request=0xffffff4d fr.pc=0x0000021745f0b3ac relative=0x00000000000000ec
Event: 1.988 Thread 0x000002173908c000 Uncommon trap: reason=unstable_if action=reinterpret pc=0x0000021745f0b3ac method=org.jetbrains.kotlin.protobuf.CodedInputStream.readRawVarint32()I @ 10 c2
Event: 1.988 Thread 0x000002173908c000 DEOPT PACKING pc=0x0000021745f0b3ac sp=0x0000007836dfce10
Event: 1.988 Thread 0x000002173908c000 DEOPT UNPACKING pc=0x000002173e377b2f sp=0x0000007836dfcd90 mode 2

Classes redefined (0 events):
No events

Internal exceptions (19 events):
Event: 0.865 Thread 0x000002173908c000 Exception <a 'java/lang/NoSuchMethodError'{0x0000000710473670}: 'int java.lang.invoke.DirectMethodHandle$Holder.invokeSpecialIFC(java.lang.Object, java.lang.Object, int)'> (0x0000000710473670) thrown at [./src/hotspot/share/interpreter/linkResolver.cpp, line 773]
Event: 1.004 Thread 0x000002173908c000 Exception <a 'java/lang/NoSuchMethodError'{0x000000070f8c6988}: 'java.lang.Object java.lang.invoke.DirectMethodHandle$Holder.invokeStaticInit(java.lang.Object, int)'> (0x000000070f8c6988) thrown at [./src/hotspot/share/interpreter/linkResolver.cpp, line 773]
Event: 1.023 Thread 0x000002173908c000 Exception <a 'java/lang/NoSuchMethodError'{0x000000070f652fd0}: 'long java.lang.invoke.DirectMethodHandle$Holder.invokeStatic(java.lang.Object)'> (0x000000070f652fd0) thrown at [./src/hotspot/share/interpreter/linkResolver.cpp, line 773]
Event: 1.023 Thread 0x000002173908c000 Exception <a 'java/lang/NoSuchMethodError'{0x000000070f655e28}: 'long java.lang.invoke.DirectMethodHandle$Holder.invokeStaticInit(java.lang.Object)'> (0x000000070f655e28) thrown at [./src/hotspot/share/interpreter/linkResolver.cpp, line 773]
Event: 1.082 Thread 0x000002173908c000 Exception <a 'java/lang/NoSuchMethodError'{0x00000007118013e0}: 'int java.lang.invoke.DirectMethodHandle$Holder.invokeStaticInit(java.lang.Object, java.lang.Object, java.lang.Object)'> (0x00000007118013e0) thrown at [./src/hotspot/share/interpreter/linkResolver.cpp, line 773]
Event: 1.085 Thread 0x000002173908c000 Exception <a 'java/lang/NoSuchMethodError'{0x000000071182cdd8}: 'int java.lang.invoke.DirectMethodHandle$Holder.invokeStaticInit(java.lang.Object, java.lang.Object)'> (0x000000071182cdd8) thrown at [./src/hotspot/share/interpreter/linkResolver.cpp, line 773]
Event: 1.249 Thread 0x000002173908c000 Exception <a 'java/lang/NoSuchMethodError'{0x0000000710fe05a8}: 'java.lang.Object java.lang.invoke.DirectMethodHandle$Holder.invokeStatic(java.lang.Object, java.lang.Object, java.lang.Object, java.lang.Object, java.lang.Object, java.lang.Object, java.lang.Object, java.lang.Object, java.lang.Object, java.lang.Object, java.lang.Object, java.lang.Object, java.lang.Object, java.lang.Object, java.lang.Object)'> (0x0000000710fe05a8) thrown at [./src/hotspot/share/interpreter/linkResolver.cpp, line 773]
Event: 1.250 Thread 0x000002173908c000 Exception <a 'java/lang/NoSuchMethodError'{0x0000000710fee5b0}: 'java.lang.Object java.lang.invoke.DirectMethodHandle$Holder.invokeStatic(java.lang.Object, java.lang.Object, java.lang.Object, java.lang.Object, java.lang.Object, java.lang.Object, java.lang.Object, java.lang.Object, java.lang.Object, java.lang.Object, java.lang.Object, java.lang.Object, java.lang.Object, java.lang.Object, java.lang.Object, java.lang.Object)'> (0x0000000710fee5b0) thrown at [./src/hotspot/share/interpreter/linkResolver.cpp, l
Event: 1.251 Thread 0x000002173908c000 Exception <a 'java/lang/NoSuchMethodError'{0x0000000710ffc4c8}: 'java.lang.Object java.lang.invoke.DirectMethodHandle$Holder.invokeSpecial(java.lang.Object, java.lang.Object, int, int, java.lang.Object, java.lang.Object, java.lang.Object)'> (0x0000000710ffc4c8) thrown at [./src/hotspot/share/interpreter/linkResolver.cpp, line 773]
Event: 1.252 Thread 0x000002173908c000 Exception <a 'java/lang/NoSuchMethodError'{0x0000000710fffd00}: 'java.lang.Object java.lang.invoke.DelegatingMethodHandle$Holder.reinvoke_L(java.lang.Object, int, int, java.lang.Object, java.lang.Object, java.lang.Object)'> (0x0000000710fffd00) thrown at [./src/hotspot/share/interpreter/linkResolver.cpp, line 773]
Event: 1.252 Thread 0x000002173908c000 Exception <a 'java/lang/NoSuchMethodError'{0x0000000710e04558}: 'java.lang.Object java.lang.invoke.DirectMethodHandle$Holder.invokeStatic(java.lang.Object, java.lang.Object, java.lang.Object, java.lang.Object, int)'> (0x0000000710e04558) thrown at [./src/hotspot/share/interpreter/linkResolver.cpp, line 773]
Event: 1.286 Thread 0x000002173908c000 Implicit null exception at 0x0000021745eacd2c to 0x0000021745eaceda
Event: 1.311 Thread 0x000002173908c000 Exception <a 'java/lang/NoSuchMethodError'{0x000000071097ec30}: 'void java.lang.invoke.DirectMethodHandle$Holder.invokeStatic(java.lang.Object, java.lang.Object, java.lang.Object, java.lang.Object)'> (0x000000071097ec30) thrown at [./src/hotspot/share/interpreter/linkResolver.cpp, line 773]
Event: 1.329 Thread 0x000002173908c000 Exception <a 'java/lang/NoSuchMethodError'{0x00000007108cffa8}: 'void java.lang.invoke.DirectMethodHandle$Holder.invokeSpecial(java.lang.Object, java.lang.Object)'> (0x00000007108cffa8) thrown at [./src/hotspot/share/interpreter/linkResolver.cpp, line 773]
Event: 1.361 Thread 0x000002173908c000 Exception <a 'java/lang/NoSuchMethodError'{0x0000000710576858}: 'void java.lang.invoke.DirectMethodHandle$Holder.invokeStaticInit(java.lang.Object, java.lang.Object)'> (0x0000000710576858) thrown at [./src/hotspot/share/interpreter/linkResolver.cpp, line 773]
Event: 1.368 Thread 0x000002173908c000 Exception <a 'java/lang/NoSuchMethodError'{0x00000007105b4ed0}: 'void java.lang.invoke.DirectMethodHandle$Holder.invokeInterface(java.lang.Object, java.lang.Object)'> (0x00000007105b4ed0) thrown at [./src/hotspot/share/interpreter/linkResolver.cpp, line 773]
Event: 1.449 Thread 0x000002173908c000 Exception <a 'java/lang/NoSuchMethodError'{0x00000007100bc618}: 'void java.lang.invoke.DirectMethodHandle$Holder.invokeVirtual(java.lang.Object, java.lang.Object)'> (0x00000007100bc618) thrown at [./src/hotspot/share/interpreter/linkResolver.cpp, line 773]
Event: 1.457 Thread 0x000002173908c000 Exception <a 'java/lang/NoSuchMethodError'{0x000000070ff33c58}: 'int java.lang.invoke.DirectMethodHandle$Holder.invokeVirtual(java.lang.Object, java.lang.Object)'> (0x000000070ff33c58) thrown at [./src/hotspot/share/interpreter/linkResolver.cpp, line 773]
Event: 2.027 Thread 0x000002173908c000 Exception <a 'java/lang/NoSuchMethodError'{0x00000007110920c0}: 'java.lang.Object java.lang.invoke.DirectMethodHandle$Holder.invokeVirtual(java.lang.Object, java.lang.Object, java.lang.Object)'> (0x00000007110920c0) thrown at [./src/hotspot/share/interpreter/linkResolver.cpp, line 773]

Events (20 events):
Event: 2.030 loading class org/jetbrains/kotlin/config/KotlinCompilerVersion done
Event: 2.031 loading class org/jetbrains/kotlin/com/intellij/openapi/vfs/VirtualFile
Event: 2.031 loading class org/jetbrains/kotlin/com/intellij/openapi/vfs/VirtualFile done
Event: 2.031 loading class org/jetbrains/kotlin/com/intellij/psi/search/GlobalSearchScope
Event: 2.031 loading class org/jetbrains/kotlin/com/intellij/psi/search/GlobalSearchScope done
Event: 2.031 loading class org/jetbrains/kotlin/com/intellij/openapi/vfs/VirtualFile
Event: 2.031 loading class org/jetbrains/kotlin/com/intellij/openapi/vfs/VirtualFile done
Event: 2.032 loading class org/jetbrains/kotlin/cli/jvm/compiler/JvmPackagePartProvider$addRoots$1
Event: 2.032 loading class org/jetbrains/kotlin/cli/jvm/compiler/JvmPackagePartProvider$addRoots$1 done
Event: 2.032 loading class org/jetbrains/kotlin/cli/jvm/compiler/JvmPackagePartProviderKt
Event: 2.032 loading class org/jetbrains/kotlin/cli/jvm/compiler/JvmPackagePartProviderKt done
Event: 2.032 loading class org/jetbrains/kotlin/metadata/jvm/deserialization/ModuleMapping
Event: 2.032 loading class org/jetbrains/kotlin/metadata/jvm/deserialization/ModuleMapping done
Event: 2.032 loading class org/jetbrains/kotlin/metadata/jvm/deserialization/ModuleMapping$Companion
Event: 2.033 loading class org/jetbrains/kotlin/metadata/jvm/deserialization/ModuleMapping$Companion done
Event: 2.033 loading class org/jetbrains/kotlin/metadata/jvm/deserialization/JvmMetadataVersion
Event: 2.033 loading class org/jetbrains/kotlin/metadata/jvm/deserialization/JvmMetadataVersion done
Event: 2.033 loading class org/jetbrains/kotlin/metadata/jvm/deserialization/JvmMetadataVersion$Companion
Event: 2.033 loading class org/jetbrains/kotlin/metadata/jvm/deserialization/JvmMetadataVersion$Companion done
Event: 2.033 Executing VM operation: CollectForMetadataAllocation


Dynamic libraries:
0x00007ff6f5e50000 - 0x00007ff6f5e5a000 	C:\Program Files\Android\Android Studio\jre\bin\java.exe
0x00007ff9e70b0000 - 0x00007ff9e72a5000 	C:\WINDOWS\SYSTEM32\ntdll.dll
0x00007ff9e5700000 - 0x00007ff9e57bd000 	C:\WINDOWS\System32\KERNEL32.DLL
0x00007ff9e4ab0000 - 0x00007ff9e4d79000 	C:\WINDOWS\System32\KERNELBASE.dll
0x00007ff9e5010000 - 0x00007ff9e5110000 	C:\WINDOWS\System32\ucrtbase.dll
0x00007ff9dff60000 - 0x00007ff9dff79000 	C:\Program Files\Android\Android Studio\jre\bin\jli.dll
0x00007ff9cc0a0000 - 0x00007ff9cc0b7000 	C:\Program Files\Android\Android Studio\jre\bin\VCRUNTIME140.dll
0x00007ff9e5240000 - 0x00007ff9e53e0000 	C:\WINDOWS\System32\USER32.dll
0x00007ff9e4970000 - 0x00007ff9e4992000 	C:\WINDOWS\System32\win32u.dll
0x00007ff9d0c10000 - 0x00007ff9d0eaa000 	C:\WINDOWS\WinSxS\amd64_microsoft.windows.common-controls_6595b64144ccf1df_6.0.19041.1110_none_60b5254171f9507e\COMCTL32.dll
0x00007ff9e5540000 - 0x00007ff9e556a000 	C:\WINDOWS\System32\GDI32.dll
0x00007ff9e53e0000 - 0x00007ff9e547e000 	C:\WINDOWS\System32\msvcrt.dll
0x00007ff9e49a0000 - 0x00007ff9e4aab000 	C:\WINDOWS\System32\gdi32full.dll
0x00007ff9e4d80000 - 0x00007ff9e4e1d000 	C:\WINDOWS\System32\msvcp_win.dll
0x00007ff9e5670000 - 0x00007ff9e56a0000 	C:\WINDOWS\System32\IMM32.DLL
0x00007ff9c9860000 - 0x00007ff9c98fd000 	C:\Program Files\Android\Android Studio\jre\bin\msvcp140.dll
0x00007ff9896f0000 - 0x00007ff98a1bf000 	C:\Program Files\Android\Android Studio\jre\bin\server\jvm.dll
0x00007ff9e68e0000 - 0x00007ff9e698c000 	C:\WINDOWS\System32\ADVAPI32.dll
0x00007ff9e5570000 - 0x00007ff9e560b000 	C:\WINDOWS\System32\sechost.dll
0x00007ff9e5110000 - 0x00007ff9e523a000 	C:\WINDOWS\System32\RPCRT4.dll
0x00007ff9e58f0000 - 0x00007ff9e58f8000 	C:\WINDOWS\System32\PSAPI.DLL
0x00007ff9d10b0000 - 0x00007ff9d10d7000 	C:\WINDOWS\SYSTEM32\WINMM.dll
0x00007ff9cf850000 - 0x00007ff9cf859000 	C:\WINDOWS\SYSTEM32\WSOCK32.dll
0x00007ff9dd860000 - 0x00007ff9dd86a000 	C:\WINDOWS\SYSTEM32\VERSION.dll
0x00007ff9e5870000 - 0x00007ff9e58db000 	C:\WINDOWS\System32\WS2_32.dll
0x00007ff9e3080000 - 0x00007ff9e3092000 	C:\WINDOWS\SYSTEM32\kernel.appcore.dll
0x00007ff9cc080000 - 0x00007ff9cc091000 	C:\Program Files\Android\Android Studio\jre\bin\verify.dll
0x00007ff9e2d00000 - 0x00007ff9e2ee4000 	C:\WINDOWS\SYSTEM32\DBGHELP.DLL
0x00007ff9cd1d0000 - 0x00007ff9cd1fc000 	C:\WINDOWS\SYSTEM32\dbgcore.DLL
0x00007ff9e4f80000 - 0x00007ff9e5003000 	C:\WINDOWS\System32\bcryptPrimitives.dll
0x00007ff9cc050000 - 0x00007ff9cc079000 	C:\Program Files\Android\Android Studio\jre\bin\java.dll
0x00007ff9ccaf0000 - 0x00007ff9ccafb000 	C:\Program Files\Android\Android Studio\jre\bin\jimage.dll
0x00007ff9cc030000 - 0x00007ff9cc048000 	C:\Program Files\Android\Android Studio\jre\bin\zip.dll
0x00007ff9e61a0000 - 0x00007ff9e68df000 	C:\WINDOWS\System32\SHELL32.dll
0x00007ff9e24a0000 - 0x00007ff9e2c30000 	C:\WINDOWS\SYSTEM32\windows.storage.dll
0x00007ff9e5e40000 - 0x00007ff9e6195000 	C:\WINDOWS\System32\combase.dll
0x00007ff9e4240000 - 0x00007ff9e426c000 	C:\WINDOWS\SYSTEM32\Wldp.dll
0x00007ff9e57c0000 - 0x00007ff9e586e000 	C:\WINDOWS\System32\SHCORE.dll
0x00007ff9e5480000 - 0x00007ff9e54d5000 	C:\WINDOWS\System32\shlwapi.dll
0x00007ff9e4720000 - 0x00007ff9e473f000 	C:\WINDOWS\SYSTEM32\profapi.dll
0x00007ff9c9bc0000 - 0x00007ff9c9bda000 	C:\Program Files\Android\Android Studio\jre\bin\net.dll
0x00007ff9d3060000 - 0x00007ff9d3168000 	C:\WINDOWS\SYSTEM32\WINHTTP.dll
0x00007ff9e3f60000 - 0x00007ff9e3fca000 	C:\WINDOWS\system32\mswsock.dll
0x00007ff9c9610000 - 0x00007ff9c9624000 	C:\Program Files\Android\Android Studio\jre\bin\nio.dll

dbghelp: loaded successfully - version: 4.0.5 - missing functions: none
symbol engine: initialized successfully - sym options: 0x614 - pdb path: .;C:\Program Files\Android\Android Studio\jre\bin;C:\WINDOWS\SYSTEM32;C:\WINDOWS\WinSxS\amd64_microsoft.windows.common-controls_6595b64144ccf1df_6.0.19041.1110_none_60b5254171f9507e;C:\Program Files\Android\Android Studio\jre\bin\server

VM Arguments:
java_command: org.jetbrains.kotlin.cli.jvm.K2JVMCompiler @K:\AndroidProjeler\IbTechBootcampHm3\app\build\20210914_17850682099617145203.compiler.options
java_class_path (initial): C:\Users\ASUS\.gradle\caches\modules-2\files-2.1\org.jetbrains.kotlin\kotlin-compiler-embeddable\1.5.30\3362a354066df1578a057c200da23cf2a1d8144f\kotlin-compiler-embeddable-1.5.30.jar;C:\Users\ASUS\.gradle\caches\modules-2\files-2.1\org.jetbrains.kotlin\kotlin-reflect\1.5.30\6773e974437dd6432aa646cc2f8ab71de42b5773\kotlin-reflect-1.5.30.jar;C:\Users\ASUS\.gradle\caches\modules-2\files-2.1\org.jetbrains.kotlin\kotlin-stdlib\1.5.30\d68efdea04955974ac1020f8f66ef8176bfbce1f\kotlin-stdlib-1.5.30.jar;C:\Users\ASUS\.gradle\caches\modules-2\files-2.1\org.jetbrains.kotlin\kotlin-script-runtime\1.5.30\10697ab20bfd2f1b23baa91306950c36c4e89a8d\kotlin-script-runtime-1.5.30.jar;C:\Users\ASUS\.gradle\caches\modules-2\files-2.1\org.jetbrains.kotlin\kotlin-daemon-embeddable\1.5.30\e355dc9011e559a475608265607948109e113ae0\kotlin-daemon-embeddable-1.5.30.jar;C:\Users\ASUS\.gradle\caches\modules-2\files-2.1\org.jetbrains.intellij.deps\trove4j\1.0.20181211\216c2e14b070f334479d800987affe4054cd563f\trove4j-1.0.20181211.jar;C:\Users\ASUS\.gradle\caches\modules-2\files-2.1\org.jetbrains\annotations\13.0\919f0dfe192fb4e063e7dacadee7f8bb9a2672a9\annotations-13.0.jar;C:\Users\ASUS\.gradle\caches\modules-2\files-2.1\org.jetbrains.kotlin\kotlin-stdlib-common\1.5.30\649ffab7767038323fec0cc41e2d7b0a8f65a378\kotlin-stdlib-common-1.5.30.jar
Launcher Type: SUN_STANDARD

[Global flags]
     intx CICompilerCount                          = 4                                         {product} {ergonomic}
     uint ConcGCThreads                            = 2                                         {product} {ergonomic}
     uint G1ConcRefinementThreads                  = 8                                         {product} {ergonomic}
   size_t G1HeapRegionSize                         = 1048576                                   {product} {ergonomic}
    uintx GCDrainStackTargetSize                   = 64                                        {product} {ergonomic}
   size_t InitialHeapSize                          = 268435456                                 {product} {ergonomic}
   size_t MarkStackSize                            = 4194304                                   {product} {ergonomic}
   size_t MaxHeapSize                              = 4265607168                                {product} {ergonomic}
   size_t MaxNewSize                               = 2558525440                                {product} {ergonomic}
   size_t MinHeapDeltaBytes                        = 1048576                                   {product} {ergonomic}
    uintx NonNMethodCodeHeapSize                   = 5836300                                {pd product} {ergonomic}
    uintx NonProfiledCodeHeapSize                  = 122910970                              {pd product} {ergonomic}
    uintx ProfiledCodeHeapSize                     = 122910970                              {pd product} {ergonomic}
    uintx ReservedCodeCacheSize                    = 251658240                              {pd product} {ergonomic}
     bool SegmentedCodeCache                       = true                                      {product} {ergonomic}
     bool UseCompressedClassPointers               = true                                 {lp64_product} {ergonomic}
     bool UseCompressedOops                        = true                                 {lp64_product} {ergonomic}
     bool UseG1GC                                  = true                                      {product} {ergonomic}
     bool UseLargePagesIndividualAllocation        = false                                  {pd product} {ergonomic}

Logging:
Log output configuration:
 #0: stdout all=warning uptime,level,tags
 #1: stderr all=off uptime,level,tags

Environment Variables:
JAVA_HOME= C:\Program Files\Java\jdk-15.0.2\bin\java.exe
CLASSPATH=.;
PATH=C:\Program Files\Python38\Scripts\;C:\Program Files\Python38\;C:\Program Files\Common Files\Oracle\Java\javapath;C:\Program Files (x86)\Intel\iCLS Client\;C:\Program Files\Intel\iCLS Client\;C:\Windows\system32;C:\Windows;C:\Windows\System32\Wbem;C:\Windows\System32\WindowsPowerShell\v1.0\;C:\Program Files (x86)\NVIDIA Corporation\PhysX\Common;C:\Program Files (x86)\Intel\Intel(R) Management Engine Components\DAL;C:\Program Files\Intel\Intel(R) Management Engine Components\DAL;C:\Program Files (x86)\Intel\Intel(R) Management Engine Components\IPT;C:\Program Files\Intel\Intel(R) Management Engine Components\IPT;C:\WINDOWS\system32;C:\WINDOWS;C:\WINDOWS\System32\Wbem;C:\WINDOWS\System32\WindowsPowerShell\v1.0\;C:\WINDOWS\System32\OpenSSH\;C:\Program Files\Intel\WiFi\bin\;C:\Program Files\Common Files\Intel\WirelessCommon\;C:\Program Files\NVIDIA Corporation\NVIDIA NvDLISR;C:\ProgramData\chocolatey\bin;C:\Program Files\Git\cmd;C:\Program Files\nodejs\;;C:\WINDOWS\system32;C:\WINDOWS;C:\WINDOWS\System32\Wbem;C:\WINDOWS\System32\WindowsPowerShell\v1.0\;C:\WINDOWS\System32\OpenSSH\;C:\Users\ASUS\AppData\Local\Microsoft\WindowsApps;C:\Program Files\JetBrains\IntelliJ IDEA Community Edition 2019.3.1\bin;C:\src\flutter\bin;C:\Users\ASUS\AppData\Local\Programs\Microsoft VS Code\bin;C:\Users\ASUS\AppData\Roaming\npm;C:\Users\ASUS\AppData\Local\Microsoft\WindowsApps;C:\Users\ASUS\AppData\Local\GitHubDesktop\bin;C:\Program Files\JetBrains\PyCharm Edu 2021.1.1\bin;
USERNAME=ASUS
OS=Windows_NT
PROCESSOR_IDENTIFIER=Intel64 Family 6 Model 158 Stepping 9, GenuineIntel



---------------  S Y S T E M  ---------------

OS: Windows 10 , 64 bit Build 19041 (10.0.19041.1151)
OS uptime: 0 days 17:31 hours
Hyper-V role detected

CPU:total 8 (initial active 8) (4 cores per cpu, 2 threads per core) family 6 model 158 stepping 9 microcode 0xb4, cmov, cx8, fxsr, mmx, sse, sse2, sse3, ssse3, sse4.1, sse4.2, popcnt, avx, avx2, aes, clmul, erms, 3dnowpref, lzcnt, ht, tsc, tscinvbit, bmi1, bmi2, adx, fma

Memory: 4k page, system-wide physical 16268M (2713M free)
TotalPageFile size 16268M (AvailPageFile size 56M)
current process WorkingSet (physical memory assigned to process): 211M, peak: 216M
current process commit charge ("private bytes"): 418M, peak: 470M

vm_info: OpenJDK 64-Bit Server VM (11.0.10+0-b96-7249189) for windows-amd64 JRE (11.0.10+0-b96-7249189), built on Mar 31 2021 21:44:00 by "builder" with MS VC++ 14.0 (VS2015)

END.
